2275 [restartedMain] INFO  com.demo.Demo1Application - Starting Demo1Application on abhishek with PID 9346 (/home/abhishek/Documents/workspace-sts-3.9.2.RELEASE/demo-1/target/classes started by abhishek in /home/abhishek/Documents/workspace-sts-3.9.2.RELEASE/demo-1)
2277 [restartedMain] INFO  com.demo.Demo1Application - The following profiles are active: dev
6526 [localhost-startStop-1] INFO  o.s.web.context.ContextLoader - Root WebApplicationContext: initialization completed in 4131 ms
11083 [restartedMain] INFO  o.s.w.s.m.m.a.RequestMappingHandlerAdapter - Looking for @ControllerAdvice: org.springframework.boot.context.embedded.AnnotationConfigEmbeddedWebApplicationContext@2015ad3d: startup date [Tue Feb 13 10:02:06 IST 2018]; root of context hierarchy
11198 [restartedMain] INFO  o.s.w.s.m.m.a.RequestMappingHandlerMapping - Mapped "{[/v1/get_activity],methods=[GET]}" onto public org.springframework.http.ResponseEntity<java.lang.Object> com.demo.controller.Activitycontroller.getactivity()
11200 [restartedMain] INFO  o.s.w.s.m.m.a.RequestMappingHandlerMapping - Mapped "{[/v1/add_activity],methods=[POST]}" onto public org.springframework.http.ResponseEntity<java.lang.Object> com.demo.controller.Activitycontroller.addactivity(java.lang.String)
11201 [restartedMain] INFO  o.s.w.s.m.m.a.RequestMappingHandlerMapping - Mapped "{[/v1/assign_activities],methods=[PUT]}" onto public org.springframework.http.ResponseEntity<java.lang.Object> com.demo.controller.Activitycontroller.assignActivities(com.demo.DTO.RoleActivityDTO)
11203 [restartedMain] INFO  o.s.w.s.m.m.a.RequestMappingHandlerMapping - Mapped "{[/v1/roles],methods=[GET]}" onto public org.springframework.http.ResponseEntity<java.lang.Object> com.demo.controller.Rolecontroller.getRoles()
11204 [restartedMain] INFO  o.s.w.s.m.m.a.RequestMappingHandlerMapping - Mapped "{[/v1/add_role],methods=[POST]}" onto public org.springframework.http.ResponseEntity<java.lang.Object> com.demo.controller.Rolecontroller.addRole(java.lang.String)
11205 [restartedMain] INFO  o.s.w.s.m.m.a.RequestMappingHandlerMapping - Mapped "{[/v1/update_role],methods=[POST]}" onto public org.springframework.http.ResponseEntity<java.lang.Object> com.demo.controller.Rolecontroller.changeStatus(java.util.Map<java.lang.String, java.lang.String>)
11205 [restartedMain] INFO  o.s.w.s.m.m.a.RequestMappingHandlerMapping - Mapped "{[/v1/active_roles],methods=[GET]}" onto public org.springframework.http.ResponseEntity<java.lang.Object> com.demo.controller.Rolecontroller.getActiveRoles()
11206 [restartedMain] INFO  o.s.w.s.m.m.a.RequestMappingHandlerMapping - Mapped "{[/v1/role/name],methods=[GET]}" onto public org.springframework.http.ResponseEntity<java.lang.Object> com.demo.controller.Rolecontroller.getRoleByRoleName(java.lang.String)
11206 [restartedMain] INFO  o.s.w.s.m.m.a.RequestMappingHandlerMapping - Mapped "{[/v1/role/id],methods=[GET]}" onto public org.springframework.http.ResponseEntity<java.lang.Object> com.demo.controller.Rolecontroller.getRolebyRoleId(java.lang.String)
11210 [restartedMain] INFO  o.s.w.s.m.m.a.RequestMappingHandlerMapping - Mapped "{[/error],produces=[text/html]}" onto public org.springframework.web.servlet.ModelAndView org.springframework.boot.autoconfigure.web.BasicErrorController.errorHtml(javax.servlet.http.HttpServletRequest,javax.servlet.http.HttpServletResponse)
11211 [restartedMain] INFO  o.s.w.s.m.m.a.RequestMappingHandlerMapping - Mapped "{[/error]}" onto public org.springframework.http.ResponseEntity<java.util.Map<java.lang.String, java.lang.Object>> org.springframework.boot.autoconfigure.web.BasicErrorController.error(javax.servlet.http.HttpServletRequest)
11253 [restartedMain] INFO  o.s.w.s.h.SimpleUrlHandlerMapping - Mapped URL path [/webjars/**] onto handler of type [class org.springframework.web.servlet.resource.ResourceHttpRequestHandler]
11253 [restartedMain] INFO  o.s.w.s.h.SimpleUrlHandlerMapping - Mapped URL path [/**] onto handler of type [class org.springframework.web.servlet.resource.ResourceHttpRequestHandler]
11330 [restartedMain] INFO  o.s.w.s.h.SimpleUrlHandlerMapping - Mapped URL path [/**/favicon.ico] onto handler of type [class org.springframework.web.servlet.resource.ResourceHttpRequestHandler]
11964 [restartedMain] INFO  com.demo.Demo1Application - Started Demo1Application in 11.06 seconds (JVM running for 12.813)
2238 [restartedMain] INFO  com.demo.Demo1Application - Starting Demo1Application on abhishek with PID 15308 (/home/abhishek/Documents/workspace-sts-3.9.2.RELEASE/demo-1/target/classes started by abhishek in /home/abhishek/Documents/workspace-sts-3.9.2.RELEASE/demo-1)
2270 [restartedMain] INFO  com.demo.Demo1Application - The following profiles are active: dev
5542 [localhost-startStop-1] INFO  o.s.web.context.ContextLoader - Root WebApplicationContext: initialization completed in 3113 ms
9889 [restartedMain] INFO  o.s.w.s.m.m.a.RequestMappingHandlerAdapter - Looking for @ControllerAdvice: org.springframework.boot.context.embedded.AnnotationConfigEmbeddedWebApplicationContext@6246eded: startup date [Tue Feb 13 12:36:04 IST 2018]; root of context hierarchy
9955 [restartedMain] INFO  o.s.w.s.m.m.a.RequestMappingHandlerMapping - Mapped "{[/v1/get_activity],methods=[GET]}" onto public org.springframework.http.ResponseEntity<java.lang.Object> com.demo.controller.Activitycontroller.getactivity()
9958 [restartedMain] INFO  o.s.w.s.m.m.a.RequestMappingHandlerMapping - Mapped "{[/v1/add_activity],methods=[POST]}" onto public org.springframework.http.ResponseEntity<java.lang.Object> com.demo.controller.Activitycontroller.addactivity(java.lang.String)
9959 [restartedMain] INFO  o.s.w.s.m.m.a.RequestMappingHandlerMapping - Mapped "{[/v1/assign_activities],methods=[PUT]}" onto public org.springframework.http.ResponseEntity<java.lang.Object> com.demo.controller.Activitycontroller.assignActivities(com.demo.DTO.RoleActivityDTO)
9961 [restartedMain] INFO  o.s.w.s.m.m.a.RequestMappingHandlerMapping - Mapped "{[/v1/add_role],methods=[POST]}" onto public org.springframework.http.ResponseEntity<java.lang.Object> com.demo.controller.Rolecontroller.addRole(java.lang.String)
9962 [restartedMain] INFO  o.s.w.s.m.m.a.RequestMappingHandlerMapping - Mapped "{[/v1/update_role],methods=[POST]}" onto public org.springframework.http.ResponseEntity<java.lang.Object> com.demo.controller.Rolecontroller.changeStatus(java.util.Map<java.lang.String, java.lang.String>)
9962 [restartedMain] INFO  o.s.w.s.m.m.a.RequestMappingHandlerMapping - Mapped "{[/v1/roles],methods=[GET]}" onto public org.springframework.http.ResponseEntity<java.lang.Object> com.demo.controller.Rolecontroller.getRoles()
9963 [restartedMain] INFO  o.s.w.s.m.m.a.RequestMappingHandlerMapping - Mapped "{[/v1/active_roles],methods=[GET]}" onto public org.springframework.http.ResponseEntity<java.lang.Object> com.demo.controller.Rolecontroller.getActiveRoles()
9963 [restartedMain] INFO  o.s.w.s.m.m.a.RequestMappingHandlerMapping - Mapped "{[/v1/role/name],methods=[GET]}" onto public org.springframework.http.ResponseEntity<java.lang.Object> com.demo.controller.Rolecontroller.getRoleByRoleName(java.lang.String)
9963 [restartedMain] INFO  o.s.w.s.m.m.a.RequestMappingHandlerMapping - Mapped "{[/v1/role/id],methods=[GET]}" onto public org.springframework.http.ResponseEntity<java.lang.Object> com.demo.controller.Rolecontroller.getRolebyRoleId(java.lang.String)
9966 [restartedMain] INFO  o.s.w.s.m.m.a.RequestMappingHandlerMapping - Mapped "{[/error],produces=[text/html]}" onto public org.springframework.web.servlet.ModelAndView org.springframework.boot.autoconfigure.web.BasicErrorController.errorHtml(javax.servlet.http.HttpServletRequest,javax.servlet.http.HttpServletResponse)
9967 [restartedMain] INFO  o.s.w.s.m.m.a.RequestMappingHandlerMapping - Mapped "{[/error]}" onto public org.springframework.http.ResponseEntity<java.util.Map<java.lang.String, java.lang.Object>> org.springframework.boot.autoconfigure.web.BasicErrorController.error(javax.servlet.http.HttpServletRequest)
9998 [restartedMain] INFO  o.s.w.s.h.SimpleUrlHandlerMapping - Mapped URL path [/webjars/**] onto handler of type [class org.springframework.web.servlet.resource.ResourceHttpRequestHandler]
9998 [restartedMain] INFO  o.s.w.s.h.SimpleUrlHandlerMapping - Mapped URL path [/**] onto handler of type [class org.springframework.web.servlet.resource.ResourceHttpRequestHandler]
10036 [restartedMain] INFO  o.s.w.s.h.SimpleUrlHandlerMapping - Mapped URL path [/**/favicon.ico] onto handler of type [class org.springframework.web.servlet.resource.ResourceHttpRequestHandler]
10647 [restartedMain] INFO  com.demo.Demo1Application - Started Demo1Application in 9.814 seconds (JVM running for 13.192)
1342 [main] INFO  com.demo.Demo1ApplicationTests - Starting Demo1ApplicationTests on abhishek with PID 15997 (started by abhishek in /home/abhishek/Documents/workspace-sts-3.9.2.RELEASE/demo-1)
1343 [main] INFO  com.demo.Demo1ApplicationTests - The following profiles are active: dev
1405 [main] INFO  o.s.w.c.s.GenericWebApplicationContext - Refreshing org.springframework.web.context.support.GenericWebApplicationContext@d737b89: startup date [Tue Feb 13 12:49:32 IST 2018]; root of context hierarchy
7213 [main] INFO  o.s.w.s.m.m.a.RequestMappingHandlerAdapter - Looking for @ControllerAdvice: org.springframework.web.context.support.GenericWebApplicationContext@d737b89: startup date [Tue Feb 13 12:49:32 IST 2018]; root of context hierarchy
7376 [main] INFO  o.s.w.s.m.m.a.RequestMappingHandlerMapping - Mapped "{[/v1/get_activity],methods=[GET]}" onto public org.springframework.http.ResponseEntity<java.lang.Object> com.demo.controller.Activitycontroller.getactivity()
7378 [main] INFO  o.s.w.s.m.m.a.RequestMappingHandlerMapping - Mapped "{[/v1/add_activity],methods=[POST]}" onto public org.springframework.http.ResponseEntity<java.lang.Object> com.demo.controller.Activitycontroller.addactivity(java.lang.String)
7379 [main] INFO  o.s.w.s.m.m.a.RequestMappingHandlerMapping - Mapped "{[/v1/assign_activities],methods=[PUT]}" onto public org.springframework.http.ResponseEntity<java.lang.Object> com.demo.controller.Activitycontroller.assignActivities(com.demo.DTO.RoleActivityDTO)
7380 [main] INFO  o.s.w.s.m.m.a.RequestMappingHandlerMapping - Mapped "{[/v1/roles],methods=[GET]}" onto public org.springframework.http.ResponseEntity<java.lang.Object> com.demo.controller.Rolecontroller.getRoles()
7381 [main] INFO  o.s.w.s.m.m.a.RequestMappingHandlerMapping - Mapped "{[/v1/add_role],methods=[POST]}" onto public org.springframework.http.ResponseEntity<java.lang.Object> com.demo.controller.Rolecontroller.addRole(java.lang.String)
7382 [main] INFO  o.s.w.s.m.m.a.RequestMappingHandlerMapping - Mapped "{[/v1/update_role],methods=[POST]}" onto public org.springframework.http.ResponseEntity<java.lang.Object> com.demo.controller.Rolecontroller.changeStatus(java.util.Map<java.lang.String, java.lang.String>)
7383 [main] INFO  o.s.w.s.m.m.a.RequestMappingHandlerMapping - Mapped "{[/v1/active_roles],methods=[GET]}" onto public org.springframework.http.ResponseEntity<java.lang.Object> com.demo.controller.Rolecontroller.getActiveRoles()
7384 [main] INFO  o.s.w.s.m.m.a.RequestMappingHandlerMapping - Mapped "{[/v1/role/name],methods=[GET]}" onto public org.springframework.http.ResponseEntity<java.lang.Object> com.demo.controller.Rolecontroller.getRoleByRoleName(java.lang.String)
7384 [main] INFO  o.s.w.s.m.m.a.RequestMappingHandlerMapping - Mapped "{[/v1/role/id],methods=[GET]}" onto public org.springframework.http.ResponseEntity<java.lang.Object> com.demo.controller.Rolecontroller.getRolebyRoleId(java.lang.String)
7391 [main] INFO  o.s.w.s.m.m.a.RequestMappingHandlerMapping - Mapped "{[/error],produces=[text/html]}" onto public org.springframework.web.servlet.ModelAndView org.springframework.boot.autoconfigure.web.BasicErrorController.errorHtml(javax.servlet.http.HttpServletRequest,javax.servlet.http.HttpServletResponse)
7392 [main] INFO  o.s.w.s.m.m.a.RequestMappingHandlerMapping - Mapped "{[/error]}" onto public org.springframework.http.ResponseEntity<java.util.Map<java.lang.String, java.lang.Object>> org.springframework.boot.autoconfigure.web.BasicErrorController.error(javax.servlet.http.HttpServletRequest)
7450 [main] INFO  o.s.w.s.h.SimpleUrlHandlerMapping - Mapped URL path [/webjars/**] onto handler of type [class org.springframework.web.servlet.resource.ResourceHttpRequestHandler]
7451 [main] INFO  o.s.w.s.h.SimpleUrlHandlerMapping - Mapped URL path [/**] onto handler of type [class org.springframework.web.servlet.resource.ResourceHttpRequestHandler]
7524 [main] INFO  o.s.w.s.h.SimpleUrlHandlerMapping - Mapped URL path [/**/favicon.ico] onto handler of type [class org.springframework.web.servlet.resource.ResourceHttpRequestHandler]
7947 [main] INFO  com.demo.Demo1ApplicationTests - Started Demo1ApplicationTests in 7.152 seconds (JVM running for 8.329)
1503 [main] INFO  com.demo.Demo1ApplicationTests - Starting Demo1ApplicationTests on abhishek with PID 16317 (started by abhishek in /home/abhishek/Documents/workspace-sts-3.9.2.RELEASE/demo-1)
1506 [main] INFO  com.demo.Demo1ApplicationTests - The following profiles are active: dev
1597 [main] INFO  o.s.w.c.s.GenericWebApplicationContext - Refreshing org.springframework.web.context.support.GenericWebApplicationContext@d737b89: startup date [Tue Feb 13 12:58:31 IST 2018]; root of context hierarchy
7568 [main] INFO  o.s.w.s.m.m.a.RequestMappingHandlerAdapter - Looking for @ControllerAdvice: org.springframework.web.context.support.GenericWebApplicationContext@d737b89: startup date [Tue Feb 13 12:58:31 IST 2018]; root of context hierarchy
7701 [main] INFO  o.s.w.s.m.m.a.RequestMappingHandlerMapping - Mapped "{[/v1/get_activity],methods=[GET]}" onto public org.springframework.http.ResponseEntity<java.lang.Object> com.demo.controller.Activitycontroller.getactivity()
7703 [main] INFO  o.s.w.s.m.m.a.RequestMappingHandlerMapping - Mapped "{[/v1/add_activity],methods=[POST]}" onto public org.springframework.http.ResponseEntity<java.lang.Object> com.demo.controller.Activitycontroller.addactivity(java.lang.String)
7704 [main] INFO  o.s.w.s.m.m.a.RequestMappingHandlerMapping - Mapped "{[/v1/assign_activities],methods=[PUT]}" onto public org.springframework.http.ResponseEntity<java.lang.Object> com.demo.controller.Activitycontroller.assignActivities(com.demo.DTO.RoleActivityDTO)
7706 [main] INFO  o.s.w.s.m.m.a.RequestMappingHandlerMapping - Mapped "{[/v1/roles],methods=[GET]}" onto public org.springframework.http.ResponseEntity<java.lang.Object> com.demo.controller.Rolecontroller.getRoles()
7707 [main] INFO  o.s.w.s.m.m.a.RequestMappingHandlerMapping - Mapped "{[/v1/add_role],methods=[POST]}" onto public org.springframework.http.ResponseEntity<java.lang.Object> com.demo.controller.Rolecontroller.addRole(java.lang.String)
7708 [main] INFO  o.s.w.s.m.m.a.RequestMappingHandlerMapping - Mapped "{[/v1/update_role],methods=[POST]}" onto public org.springframework.http.ResponseEntity<java.lang.Object> com.demo.controller.Rolecontroller.changeStatus(java.util.Map<java.lang.String, java.lang.String>)
7709 [main] INFO  o.s.w.s.m.m.a.RequestMappingHandlerMapping - Mapped "{[/v1/active_roles],methods=[GET]}" onto public org.springframework.http.ResponseEntity<java.lang.Object> com.demo.controller.Rolecontroller.getActiveRoles()
7710 [main] INFO  o.s.w.s.m.m.a.RequestMappingHandlerMapping - Mapped "{[/v1/role/name],methods=[GET]}" onto public org.springframework.http.ResponseEntity<java.lang.Object> com.demo.controller.Rolecontroller.getRoleByRoleName(java.lang.String)
7712 [main] INFO  o.s.w.s.m.m.a.RequestMappingHandlerMapping - Mapped "{[/v1/role/id],methods=[GET]}" onto public org.springframework.http.ResponseEntity<java.lang.Object> com.demo.controller.Rolecontroller.getRolebyRoleId(java.lang.String)
7716 [main] INFO  o.s.w.s.m.m.a.RequestMappingHandlerMapping - Mapped "{[/error],produces=[text/html]}" onto public org.springframework.web.servlet.ModelAndView org.springframework.boot.autoconfigure.web.BasicErrorController.errorHtml(javax.servlet.http.HttpServletRequest,javax.servlet.http.HttpServletResponse)
7717 [main] INFO  o.s.w.s.m.m.a.RequestMappingHandlerMapping - Mapped "{[/error]}" onto public org.springframework.http.ResponseEntity<java.util.Map<java.lang.String, java.lang.Object>> org.springframework.boot.autoconfigure.web.BasicErrorController.error(javax.servlet.http.HttpServletRequest)
7777 [main] INFO  o.s.w.s.h.SimpleUrlHandlerMapping - Mapped URL path [/webjars/**] onto handler of type [class org.springframework.web.servlet.resource.ResourceHttpRequestHandler]
7779 [main] INFO  o.s.w.s.h.SimpleUrlHandlerMapping - Mapped URL path [/**] onto handler of type [class org.springframework.web.servlet.resource.ResourceHttpRequestHandler]
7851 [main] INFO  o.s.w.s.h.SimpleUrlHandlerMapping - Mapped URL path [/**/favicon.ico] onto handler of type [class org.springframework.web.servlet.resource.ResourceHttpRequestHandler]
8399 [main] INFO  com.demo.Demo1ApplicationTests - Started Demo1ApplicationTests in 7.42 seconds (JVM running for 8.856)
8488 [Thread-4] INFO  o.s.w.c.s.GenericWebApplicationContext - Closing org.springframework.web.context.support.GenericWebApplicationContext@d737b89: startup date [Tue Feb 13 12:58:31 IST 2018]; root of context hierarchy
586  [restartedMain] INFO  com.demo.Demo1Application - Starting Demo1Application on abhishek with PID 16439 (/home/abhishek/Documents/workspace-sts-3.9.2.RELEASE/demo-1/target/classes started by abhishek in /home/abhishek/Documents/workspace-sts-3.9.2.RELEASE/demo-1)
587  [restartedMain] INFO  com.demo.Demo1Application - The following profiles are active: dev
2668 [localhost-startStop-1] INFO  o.s.web.context.ContextLoader - Root WebApplicationContext: initialization completed in 2028 ms
5107 [restartedMain] INFO  o.s.w.s.m.m.a.RequestMappingHandlerAdapter - Looking for @ControllerAdvice: org.springframework.boot.context.embedded.AnnotationConfigEmbeddedWebApplicationContext@3d4dbc9e: startup date [Tue Feb 13 13:01:01 IST 2018]; root of context hierarchy
5178 [restartedMain] INFO  o.s.w.s.m.m.a.RequestMappingHandlerMapping - Mapped "{[/v1/get_activity],methods=[GET]}" onto public org.springframework.http.ResponseEntity<java.lang.Object> com.demo.controller.Activitycontroller.getactivity()
5181 [restartedMain] INFO  o.s.w.s.m.m.a.RequestMappingHandlerMapping - Mapped "{[/v1/add_activity],methods=[POST]}" onto public org.springframework.http.ResponseEntity<java.lang.Object> com.demo.controller.Activitycontroller.addactivity(java.lang.String)
5182 [restartedMain] INFO  o.s.w.s.m.m.a.RequestMappingHandlerMapping - Mapped "{[/v1/assign_activities],methods=[PUT]}" onto public org.springframework.http.ResponseEntity<java.lang.Object> com.demo.controller.Activitycontroller.assignActivities(com.demo.DTO.RoleActivityDTO)
5183 [restartedMain] INFO  o.s.w.s.m.m.a.RequestMappingHandlerMapping - Mapped "{[/v1/add_role],methods=[POST]}" onto public org.springframework.http.ResponseEntity<java.lang.Object> com.demo.controller.Rolecontroller.addRole(java.lang.String)
5184 [restartedMain] INFO  o.s.w.s.m.m.a.RequestMappingHandlerMapping - Mapped "{[/v1/update_role],methods=[POST]}" onto public org.springframework.http.ResponseEntity<java.lang.Object> com.demo.controller.Rolecontroller.changeStatus(java.util.Map<java.lang.String, java.lang.String>)
5184 [restartedMain] INFO  o.s.w.s.m.m.a.RequestMappingHandlerMapping - Mapped "{[/v1/roles],methods=[GET]}" onto public org.springframework.http.ResponseEntity<java.lang.Object> com.demo.controller.Rolecontroller.getRoles()
5185 [restartedMain] INFO  o.s.w.s.m.m.a.RequestMappingHandlerMapping - Mapped "{[/v1/active_roles],methods=[GET]}" onto public org.springframework.http.ResponseEntity<java.lang.Object> com.demo.controller.Rolecontroller.getActiveRoles()
5185 [restartedMain] INFO  o.s.w.s.m.m.a.RequestMappingHandlerMapping - Mapped "{[/v1/role/name],methods=[GET]}" onto public org.springframework.http.ResponseEntity<java.lang.Object> com.demo.controller.Rolecontroller.getRoleByRoleName(java.lang.String)
5186 [restartedMain] INFO  o.s.w.s.m.m.a.RequestMappingHandlerMapping - Mapped "{[/v1/role/id],methods=[GET]}" onto public org.springframework.http.ResponseEntity<java.lang.Object> com.demo.controller.Rolecontroller.getRolebyRoleId(java.lang.String)
5190 [restartedMain] INFO  o.s.w.s.m.m.a.RequestMappingHandlerMapping - Mapped "{[/error],produces=[text/html]}" onto public org.springframework.web.servlet.ModelAndView org.springframework.boot.autoconfigure.web.BasicErrorController.errorHtml(javax.servlet.http.HttpServletRequest,javax.servlet.http.HttpServletResponse)
5191 [restartedMain] INFO  o.s.w.s.m.m.a.RequestMappingHandlerMapping - Mapped "{[/error]}" onto public org.springframework.http.ResponseEntity<java.util.Map<java.lang.String, java.lang.Object>> org.springframework.boot.autoconfigure.web.BasicErrorController.error(javax.servlet.http.HttpServletRequest)
5221 [restartedMain] INFO  o.s.w.s.h.SimpleUrlHandlerMapping - Mapped URL path [/webjars/**] onto handler of type [class org.springframework.web.servlet.resource.ResourceHttpRequestHandler]
5221 [restartedMain] INFO  o.s.w.s.h.SimpleUrlHandlerMapping - Mapped URL path [/**] onto handler of type [class org.springframework.web.servlet.resource.ResourceHttpRequestHandler]
5263 [restartedMain] INFO  o.s.w.s.h.SimpleUrlHandlerMapping - Mapped URL path [/**/favicon.ico] onto handler of type [class org.springframework.web.servlet.resource.ResourceHttpRequestHandler]
5627 [restartedMain] INFO  com.demo.Demo1Application - Started Demo1Application in 5.362 seconds (JVM running for 6.09)
1226 [main] INFO  com.demo.Demo1ApplicationTests - Starting Demo1ApplicationTests on abhishek with PID 16598 (started by abhishek in /home/abhishek/Documents/workspace-sts-3.9.2.RELEASE/demo-1)
1229 [main] INFO  com.demo.Demo1ApplicationTests - The following profiles are active: dev
1332 [main] INFO  o.s.w.c.s.GenericWebApplicationContext - Refreshing org.springframework.web.context.support.GenericWebApplicationContext@d737b89: startup date [Tue Feb 13 13:01:55 IST 2018]; root of context hierarchy
7216 [main] INFO  o.s.w.s.m.m.a.RequestMappingHandlerAdapter - Looking for @ControllerAdvice: org.springframework.web.context.support.GenericWebApplicationContext@d737b89: startup date [Tue Feb 13 13:01:55 IST 2018]; root of context hierarchy
7358 [main] INFO  o.s.w.s.m.m.a.RequestMappingHandlerMapping - Mapped "{[/v1/get_activity],methods=[GET]}" onto public org.springframework.http.ResponseEntity<java.lang.Object> com.demo.controller.Activitycontroller.getactivity()
7360 [main] INFO  o.s.w.s.m.m.a.RequestMappingHandlerMapping - Mapped "{[/v1/add_activity],methods=[POST]}" onto public org.springframework.http.ResponseEntity<java.lang.Object> com.demo.controller.Activitycontroller.addactivity(java.lang.String)
7361 [main] INFO  o.s.w.s.m.m.a.RequestMappingHandlerMapping - Mapped "{[/v1/assign_activities],methods=[PUT]}" onto public org.springframework.http.ResponseEntity<java.lang.Object> com.demo.controller.Activitycontroller.assignActivities(com.demo.DTO.RoleActivityDTO)
7363 [main] INFO  o.s.w.s.m.m.a.RequestMappingHandlerMapping - Mapped "{[/v1/roles],methods=[GET]}" onto public org.springframework.http.ResponseEntity<java.lang.Object> com.demo.controller.Rolecontroller.getRoles()
7364 [main] INFO  o.s.w.s.m.m.a.RequestMappingHandlerMapping - Mapped "{[/v1/add_role],methods=[POST]}" onto public org.springframework.http.ResponseEntity<java.lang.Object> com.demo.controller.Rolecontroller.addRole(java.lang.String)
7365 [main] INFO  o.s.w.s.m.m.a.RequestMappingHandlerMapping - Mapped "{[/v1/update_role],methods=[POST]}" onto public org.springframework.http.ResponseEntity<java.lang.Object> com.demo.controller.Rolecontroller.changeStatus(java.util.Map<java.lang.String, java.lang.String>)
7365 [main] INFO  o.s.w.s.m.m.a.RequestMappingHandlerMapping - Mapped "{[/v1/active_roles],methods=[GET]}" onto public org.springframework.http.ResponseEntity<java.lang.Object> com.demo.controller.Rolecontroller.getActiveRoles()
7366 [main] INFO  o.s.w.s.m.m.a.RequestMappingHandlerMapping - Mapped "{[/v1/role/name],methods=[GET]}" onto public org.springframework.http.ResponseEntity<java.lang.Object> com.demo.controller.Rolecontroller.getRoleByRoleName(java.lang.String)
7367 [main] INFO  o.s.w.s.m.m.a.RequestMappingHandlerMapping - Mapped "{[/v1/role/id],methods=[GET]}" onto public org.springframework.http.ResponseEntity<java.lang.Object> com.demo.controller.Rolecontroller.getRolebyRoleId(java.lang.String)
7375 [main] INFO  o.s.w.s.m.m.a.RequestMappingHandlerMapping - Mapped "{[/error],produces=[text/html]}" onto public org.springframework.web.servlet.ModelAndView org.springframework.boot.autoconfigure.web.BasicErrorController.errorHtml(javax.servlet.http.HttpServletRequest,javax.servlet.http.HttpServletResponse)
7376 [main] INFO  o.s.w.s.m.m.a.RequestMappingHandlerMapping - Mapped "{[/error]}" onto public org.springframework.http.ResponseEntity<java.util.Map<java.lang.String, java.lang.Object>> org.springframework.boot.autoconfigure.web.BasicErrorController.error(javax.servlet.http.HttpServletRequest)
7424 [main] INFO  o.s.w.s.h.SimpleUrlHandlerMapping - Mapped URL path [/webjars/**] onto handler of type [class org.springframework.web.servlet.resource.ResourceHttpRequestHandler]
7425 [main] INFO  o.s.w.s.h.SimpleUrlHandlerMapping - Mapped URL path [/**] onto handler of type [class org.springframework.web.servlet.resource.ResourceHttpRequestHandler]
7483 [main] INFO  o.s.w.s.h.SimpleUrlHandlerMapping - Mapped URL path [/**/favicon.ico] onto handler of type [class org.springframework.web.servlet.resource.ResourceHttpRequestHandler]
7851 [main] INFO  com.demo.Demo1ApplicationTests - Started Demo1ApplicationTests in 7.153 seconds (JVM running for 8.161)
7941 [Thread-4] INFO  o.s.w.c.s.GenericWebApplicationContext - Closing org.springframework.web.context.support.GenericWebApplicationContext@d737b89: startup date [Tue Feb 13 13:01:55 IST 2018]; root of context hierarchy
786  [restartedMain] INFO  com.demo.Demo1Application - Starting Demo1Application on abhishek with PID 16759 (/home/abhishek/Documents/workspace-sts-3.9.2.RELEASE/demo-1/target/classes started by abhishek in /home/abhishek/Documents/workspace-sts-3.9.2.RELEASE/demo-1)
791  [restartedMain] INFO  com.demo.Demo1Application - The following profiles are active: dev
2862 [localhost-startStop-1] INFO  o.s.web.context.ContextLoader - Root WebApplicationContext: initialization completed in 1958 ms
5118 [restartedMain] INFO  o.s.w.s.m.m.a.RequestMappingHandlerAdapter - Looking for @ControllerAdvice: org.springframework.boot.context.embedded.AnnotationConfigEmbeddedWebApplicationContext@bb439c3: startup date [Tue Feb 13 13:04:10 IST 2018]; root of context hierarchy
5191 [restartedMain] INFO  o.s.w.s.m.m.a.RequestMappingHandlerMapping - Mapped "{[/v1/get_activity],methods=[GET]}" onto public org.springframework.http.ResponseEntity<java.lang.Object> com.demo.controller.Activitycontroller.getactivity()
5194 [restartedMain] INFO  o.s.w.s.m.m.a.RequestMappingHandlerMapping - Mapped "{[/v1/add_activity],methods=[POST]}" onto public org.springframework.http.ResponseEntity<java.lang.Object> com.demo.controller.Activitycontroller.addactivity(java.lang.String)
5194 [restartedMain] INFO  o.s.w.s.m.m.a.RequestMappingHandlerMapping - Mapped "{[/v1/assign_activities],methods=[PUT]}" onto public org.springframework.http.ResponseEntity<java.lang.Object> com.demo.controller.Activitycontroller.assignActivities(com.demo.DTO.RoleActivityDTO)
5195 [restartedMain] INFO  o.s.w.s.m.m.a.RequestMappingHandlerMapping - Mapped "{[/v1/add_role],methods=[POST]}" onto public org.springframework.http.ResponseEntity<java.lang.Object> com.demo.controller.Rolecontroller.addRole(java.lang.String)
5196 [restartedMain] INFO  o.s.w.s.m.m.a.RequestMappingHandlerMapping - Mapped "{[/v1/update_role],methods=[POST]}" onto public org.springframework.http.ResponseEntity<java.lang.Object> com.demo.controller.Rolecontroller.changeStatus(java.util.Map<java.lang.String, java.lang.String>)
5197 [restartedMain] INFO  o.s.w.s.m.m.a.RequestMappingHandlerMapping - Mapped "{[/v1/roles],methods=[GET]}" onto public org.springframework.http.ResponseEntity<java.lang.Object> com.demo.controller.Rolecontroller.getRoles()
5197 [restartedMain] INFO  o.s.w.s.m.m.a.RequestMappingHandlerMapping - Mapped "{[/v1/active_roles],methods=[GET]}" onto public org.springframework.http.ResponseEntity<java.lang.Object> com.demo.controller.Rolecontroller.getActiveRoles()
5197 [restartedMain] INFO  o.s.w.s.m.m.a.RequestMappingHandlerMapping - Mapped "{[/v1/role/name],methods=[GET]}" onto public org.springframework.http.ResponseEntity<java.lang.Object> com.demo.controller.Rolecontroller.getRoleByRoleName(java.lang.String)
5198 [restartedMain] INFO  o.s.w.s.m.m.a.RequestMappingHandlerMapping - Mapped "{[/v1/role/id],methods=[GET]}" onto public org.springframework.http.ResponseEntity<java.lang.Object> com.demo.controller.Rolecontroller.getRolebyRoleId(java.lang.String)
5200 [restartedMain] INFO  o.s.w.s.m.m.a.RequestMappingHandlerMapping - Mapped "{[/error],produces=[text/html]}" onto public org.springframework.web.servlet.ModelAndView org.springframework.boot.autoconfigure.web.BasicErrorController.errorHtml(javax.servlet.http.HttpServletRequest,javax.servlet.http.HttpServletResponse)
5201 [restartedMain] INFO  o.s.w.s.m.m.a.RequestMappingHandlerMapping - Mapped "{[/error]}" onto public org.springframework.http.ResponseEntity<java.util.Map<java.lang.String, java.lang.Object>> org.springframework.boot.autoconfigure.web.BasicErrorController.error(javax.servlet.http.HttpServletRequest)
5230 [restartedMain] INFO  o.s.w.s.h.SimpleUrlHandlerMapping - Mapped URL path [/webjars/**] onto handler of type [class org.springframework.web.servlet.resource.ResourceHttpRequestHandler]
5231 [restartedMain] INFO  o.s.w.s.h.SimpleUrlHandlerMapping - Mapped URL path [/**] onto handler of type [class org.springframework.web.servlet.resource.ResourceHttpRequestHandler]
5276 [restartedMain] INFO  o.s.w.s.h.SimpleUrlHandlerMapping - Mapped URL path [/**/favicon.ico] onto handler of type [class org.springframework.web.servlet.resource.ResourceHttpRequestHandler]
5632 [restartedMain] INFO  com.demo.Demo1Application - Started Demo1Application in 5.34 seconds (JVM running for 6.087)
478  [restartedMain] INFO  com.demo.Demo1Application - Starting Demo1Application on abhishek with PID 17651 (/home/abhishek/Documents/workspace-sts-3.9.2.RELEASE/demo-1/target/classes started by abhishek in /home/abhishek/Documents/workspace-sts-3.9.2.RELEASE/demo-1)
479  [restartedMain] INFO  com.demo.Demo1Application - The following profiles are active: dev
2386 [localhost-startStop-1] INFO  o.s.web.context.ContextLoader - Root WebApplicationContext: initialization completed in 1869 ms
4581 [restartedMain] INFO  o.s.w.s.m.m.a.RequestMappingHandlerAdapter - Looking for @ControllerAdvice: org.springframework.boot.context.embedded.AnnotationConfigEmbeddedWebApplicationContext@42a6e45: startup date [Tue Feb 13 13:25:07 IST 2018]; root of context hierarchy
4636 [restartedMain] INFO  o.s.w.s.m.m.a.RequestMappingHandlerMapping - Mapped "{[/v1/get_activity],methods=[GET]}" onto public org.springframework.http.ResponseEntity<java.lang.Object> com.demo.controller.Activitycontroller.getactivity()
4638 [restartedMain] INFO  o.s.w.s.m.m.a.RequestMappingHandlerMapping - Mapped "{[/v1/add_activity],methods=[POST]}" onto public org.springframework.http.ResponseEntity<java.lang.Object> com.demo.controller.Activitycontroller.addactivity(java.lang.String)
4638 [restartedMain] INFO  o.s.w.s.m.m.a.RequestMappingHandlerMapping - Mapped "{[/v1/assign_activities],methods=[PUT]}" onto public org.springframework.http.ResponseEntity<java.lang.Object> com.demo.controller.Activitycontroller.assignActivities(com.demo.DTO.RoleActivityDTO)
4640 [restartedMain] INFO  o.s.w.s.m.m.a.RequestMappingHandlerMapping - Mapped "{[/v1/add_role],methods=[POST]}" onto public org.springframework.http.ResponseEntity<java.lang.Object> com.demo.controller.Rolecontroller.addRole(java.lang.String)
4640 [restartedMain] INFO  o.s.w.s.m.m.a.RequestMappingHandlerMapping - Mapped "{[/v1/update_role],methods=[POST]}" onto public org.springframework.http.ResponseEntity<java.lang.Object> com.demo.controller.Rolecontroller.changeStatus(java.util.Map<java.lang.String, java.lang.String>)
4641 [restartedMain] INFO  o.s.w.s.m.m.a.RequestMappingHandlerMapping - Mapped "{[/v1/roles],methods=[GET]}" onto public org.springframework.http.ResponseEntity<java.lang.Object> com.demo.controller.Rolecontroller.getRoles()
4641 [restartedMain] INFO  o.s.w.s.m.m.a.RequestMappingHandlerMapping - Mapped "{[/v1/active_roles],methods=[GET]}" onto public org.springframework.http.ResponseEntity<java.lang.Object> com.demo.controller.Rolecontroller.getActiveRoles()
4641 [restartedMain] INFO  o.s.w.s.m.m.a.RequestMappingHandlerMapping - Mapped "{[/v1/role/name],methods=[GET]}" onto public org.springframework.http.ResponseEntity<java.lang.Object> com.demo.controller.Rolecontroller.getRoleByRoleName(java.lang.String)
4642 [restartedMain] INFO  o.s.w.s.m.m.a.RequestMappingHandlerMapping - Mapped "{[/v1/role/id],methods=[GET]}" onto public org.springframework.http.ResponseEntity<java.lang.Object> com.demo.controller.Rolecontroller.getRolebyRoleId(java.lang.String)
4644 [restartedMain] INFO  o.s.w.s.m.m.a.RequestMappingHandlerMapping - Mapped "{[/error],produces=[text/html]}" onto public org.springframework.web.servlet.ModelAndView org.springframework.boot.autoconfigure.web.BasicErrorController.errorHtml(javax.servlet.http.HttpServletRequest,javax.servlet.http.HttpServletResponse)
4645 [restartedMain] INFO  o.s.w.s.m.m.a.RequestMappingHandlerMapping - Mapped "{[/error]}" onto public org.springframework.http.ResponseEntity<java.util.Map<java.lang.String, java.lang.Object>> org.springframework.boot.autoconfigure.web.BasicErrorController.error(javax.servlet.http.HttpServletRequest)
4669 [restartedMain] INFO  o.s.w.s.h.SimpleUrlHandlerMapping - Mapped URL path [/webjars/**] onto handler of type [class org.springframework.web.servlet.resource.ResourceHttpRequestHandler]
4670 [restartedMain] INFO  o.s.w.s.h.SimpleUrlHandlerMapping - Mapped URL path [/**] onto handler of type [class org.springframework.web.servlet.resource.ResourceHttpRequestHandler]
4708 [restartedMain] INFO  o.s.w.s.h.SimpleUrlHandlerMapping - Mapped URL path [/**/favicon.ico] onto handler of type [class org.springframework.web.servlet.resource.ResourceHttpRequestHandler]
5086 [restartedMain] INFO  com.demo.Demo1Application - Started Demo1Application in 4.887 seconds (JVM running for 5.484)
1201 [main] INFO  com.demo.Demo1ApplicationTests - Starting Demo1ApplicationTests on abhishek with PID 18347 (started by abhishek in /home/abhishek/Documents/workspace-sts-3.9.2.RELEASE/demo-1)
1203 [main] INFO  com.demo.Demo1ApplicationTests - The following profiles are active: dev
1269 [main] INFO  o.s.w.c.s.GenericWebApplicationContext - Refreshing org.springframework.web.context.support.GenericWebApplicationContext@d737b89: startup date [Tue Feb 13 13:37:37 IST 2018]; root of context hierarchy
6964 [main] INFO  o.s.w.s.m.m.a.RequestMappingHandlerAdapter - Looking for @ControllerAdvice: org.springframework.web.context.support.GenericWebApplicationContext@d737b89: startup date [Tue Feb 13 13:37:37 IST 2018]; root of context hierarchy
7096 [main] INFO  o.s.w.s.m.m.a.RequestMappingHandlerMapping - Mapped "{[/v1/get_activity],methods=[GET]}" onto public org.springframework.http.ResponseEntity<java.lang.Object> com.demo.controller.Activitycontroller.getactivity()
7098 [main] INFO  o.s.w.s.m.m.a.RequestMappingHandlerMapping - Mapped "{[/v1/add_activity],methods=[POST]}" onto public org.springframework.http.ResponseEntity<java.lang.Object> com.demo.controller.Activitycontroller.addactivity(java.lang.String)
7099 [main] INFO  o.s.w.s.m.m.a.RequestMappingHandlerMapping - Mapped "{[/v1/assign_activities],methods=[PUT]}" onto public org.springframework.http.ResponseEntity<java.lang.Object> com.demo.controller.Activitycontroller.assignActivities(com.demo.DTO.RoleActivityDTO)
7101 [main] INFO  o.s.w.s.m.m.a.RequestMappingHandlerMapping - Mapped "{[/v1/roles],methods=[GET]}" onto public org.springframework.http.ResponseEntity<java.lang.Object> com.demo.controller.Rolecontroller.getRoles()
7102 [main] INFO  o.s.w.s.m.m.a.RequestMappingHandlerMapping - Mapped "{[/v1/add_role],methods=[POST]}" onto public org.springframework.http.ResponseEntity<java.lang.Object> com.demo.controller.Rolecontroller.addRole(java.lang.String)
7102 [main] INFO  o.s.w.s.m.m.a.RequestMappingHandlerMapping - Mapped "{[/v1/update_role],methods=[POST]}" onto public org.springframework.http.ResponseEntity<java.lang.Object> com.demo.controller.Rolecontroller.changeStatus(java.util.Map<java.lang.String, java.lang.String>)
7103 [main] INFO  o.s.w.s.m.m.a.RequestMappingHandlerMapping - Mapped "{[/v1/active_roles],methods=[GET]}" onto public org.springframework.http.ResponseEntity<java.lang.Object> com.demo.controller.Rolecontroller.getActiveRoles()
7104 [main] INFO  o.s.w.s.m.m.a.RequestMappingHandlerMapping - Mapped "{[/v1/role/name],methods=[GET]}" onto public org.springframework.http.ResponseEntity<java.lang.Object> com.demo.controller.Rolecontroller.getRoleByRoleName(java.lang.String)
7104 [main] INFO  o.s.w.s.m.m.a.RequestMappingHandlerMapping - Mapped "{[/v1/role/id],methods=[GET]}" onto public org.springframework.http.ResponseEntity<java.lang.Object> com.demo.controller.Rolecontroller.getRolebyRoleId(java.lang.String)
7108 [main] INFO  o.s.w.s.m.m.a.RequestMappingHandlerMapping - Mapped "{[/error],produces=[text/html]}" onto public org.springframework.web.servlet.ModelAndView org.springframework.boot.autoconfigure.web.BasicErrorController.errorHtml(javax.servlet.http.HttpServletRequest,javax.servlet.http.HttpServletResponse)
7109 [main] INFO  o.s.w.s.m.m.a.RequestMappingHandlerMapping - Mapped "{[/error]}" onto public org.springframework.http.ResponseEntity<java.util.Map<java.lang.String, java.lang.Object>> org.springframework.boot.autoconfigure.web.BasicErrorController.error(javax.servlet.http.HttpServletRequest)
7165 [main] INFO  o.s.w.s.h.SimpleUrlHandlerMapping - Mapped URL path [/webjars/**] onto handler of type [class org.springframework.web.servlet.resource.ResourceHttpRequestHandler]
7166 [main] INFO  o.s.w.s.h.SimpleUrlHandlerMapping - Mapped URL path [/**] onto handler of type [class org.springframework.web.servlet.resource.ResourceHttpRequestHandler]
7264 [main] INFO  o.s.w.s.h.SimpleUrlHandlerMapping - Mapped URL path [/**/favicon.ico] onto handler of type [class org.springframework.web.servlet.resource.ResourceHttpRequestHandler]
7665 [main] INFO  com.demo.Demo1ApplicationTests - Started Demo1ApplicationTests in 6.982 seconds (JVM running for 7.99)
1126 [main] INFO  com.demo.Demo1ApplicationTests - Starting Demo1ApplicationTests on abhishek with PID 18822 (started by abhishek in /home/abhishek/Documents/workspace-sts-3.9.2.RELEASE/demo-1)
1128 [main] INFO  com.demo.Demo1ApplicationTests - The following profiles are active: dev
1211 [main] INFO  o.s.w.c.s.GenericWebApplicationContext - Refreshing org.springframework.web.context.support.GenericWebApplicationContext@d737b89: startup date [Tue Feb 13 13:49:07 IST 2018]; root of context hierarchy
6500 [main] INFO  o.s.w.s.m.m.a.RequestMappingHandlerAdapter - Looking for @ControllerAdvice: org.springframework.web.context.support.GenericWebApplicationContext@d737b89: startup date [Tue Feb 13 13:49:07 IST 2018]; root of context hierarchy
6628 [main] INFO  o.s.w.s.m.m.a.RequestMappingHandlerMapping - Mapped "{[/v1/get_activity],methods=[GET]}" onto public org.springframework.http.ResponseEntity<java.lang.Object> com.demo.controller.Activitycontroller.getactivity()
6630 [main] INFO  o.s.w.s.m.m.a.RequestMappingHandlerMapping - Mapped "{[/v1/add_activity],methods=[POST]}" onto public org.springframework.http.ResponseEntity<java.lang.Object> com.demo.controller.Activitycontroller.addactivity(java.lang.String)
6631 [main] INFO  o.s.w.s.m.m.a.RequestMappingHandlerMapping - Mapped "{[/v1/assign_activities],methods=[PUT]}" onto public org.springframework.http.ResponseEntity<java.lang.Object> com.demo.controller.Activitycontroller.assignActivities(com.demo.DTO.RoleActivityDTO)
6634 [main] INFO  o.s.w.s.m.m.a.RequestMappingHandlerMapping - Mapped "{[/v1/roles],methods=[GET]}" onto public org.springframework.http.ResponseEntity<java.lang.Object> com.demo.controller.Rolecontroller.getRoles()
6635 [main] INFO  o.s.w.s.m.m.a.RequestMappingHandlerMapping - Mapped "{[/v1/add_role],methods=[POST]}" onto public org.springframework.http.ResponseEntity<java.lang.Object> com.demo.controller.Rolecontroller.addRole(java.lang.String)
6636 [main] INFO  o.s.w.s.m.m.a.RequestMappingHandlerMapping - Mapped "{[/v1/update_role],methods=[POST]}" onto public org.springframework.http.ResponseEntity<java.lang.Object> com.demo.controller.Rolecontroller.changeStatus(java.util.Map<java.lang.String, java.lang.String>)
6637 [main] INFO  o.s.w.s.m.m.a.RequestMappingHandlerMapping - Mapped "{[/v1/active_roles],methods=[GET]}" onto public org.springframework.http.ResponseEntity<java.lang.Object> com.demo.controller.Rolecontroller.getActiveRoles()
6638 [main] INFO  o.s.w.s.m.m.a.RequestMappingHandlerMapping - Mapped "{[/v1/role/name],methods=[GET]}" onto public org.springframework.http.ResponseEntity<java.lang.Object> com.demo.controller.Rolecontroller.getRoleByRoleName(java.lang.String)
6639 [main] INFO  o.s.w.s.m.m.a.RequestMappingHandlerMapping - Mapped "{[/v1/role/id],methods=[GET]}" onto public org.springframework.http.ResponseEntity<java.lang.Object> com.demo.controller.Rolecontroller.getRolebyRoleId(java.lang.String)
6644 [main] INFO  o.s.w.s.m.m.a.RequestMappingHandlerMapping - Mapped "{[/error],produces=[text/html]}" onto public org.springframework.web.servlet.ModelAndView org.springframework.boot.autoconfigure.web.BasicErrorController.errorHtml(javax.servlet.http.HttpServletRequest,javax.servlet.http.HttpServletResponse)
6645 [main] INFO  o.s.w.s.m.m.a.RequestMappingHandlerMapping - Mapped "{[/error]}" onto public org.springframework.http.ResponseEntity<java.util.Map<java.lang.String, java.lang.Object>> org.springframework.boot.autoconfigure.web.BasicErrorController.error(javax.servlet.http.HttpServletRequest)
6690 [main] INFO  o.s.w.s.h.SimpleUrlHandlerMapping - Mapped URL path [/webjars/**] onto handler of type [class org.springframework.web.servlet.resource.ResourceHttpRequestHandler]
6691 [main] INFO  o.s.w.s.h.SimpleUrlHandlerMapping - Mapped URL path [/**] onto handler of type [class org.springframework.web.servlet.resource.ResourceHttpRequestHandler]
6741 [main] INFO  o.s.w.s.h.SimpleUrlHandlerMapping - Mapped URL path [/**/favicon.ico] onto handler of type [class org.springframework.web.servlet.resource.ResourceHttpRequestHandler]
7094 [main] INFO  com.demo.Demo1ApplicationTests - Started Demo1ApplicationTests in 6.426 seconds (JVM running for 7.393)
1190 [main] INFO  com.demo.Demo1ApplicationTests - Starting Demo1ApplicationTests on abhishek with PID 19175 (started by abhishek in /home/abhishek/Documents/workspace-sts-3.9.2.RELEASE/demo-1)
1193 [main] INFO  com.demo.Demo1ApplicationTests - The following profiles are active: dev
1268 [main] INFO  o.s.w.c.s.GenericWebApplicationContext - Refreshing org.springframework.web.context.support.GenericWebApplicationContext@7e057f43: startup date [Tue Feb 13 13:54:25 IST 2018]; root of context hierarchy
7427 [main] INFO  o.s.w.s.m.m.a.RequestMappingHandlerAdapter - Looking for @ControllerAdvice: org.springframework.web.context.support.GenericWebApplicationContext@7e057f43: startup date [Tue Feb 13 13:54:25 IST 2018]; root of context hierarchy
7573 [main] INFO  o.s.w.s.m.m.a.RequestMappingHandlerMapping - Mapped "{[/v1/get_activity],methods=[GET]}" onto public org.springframework.http.ResponseEntity<java.lang.Object> com.demo.controller.Activitycontroller.getactivity()
7575 [main] INFO  o.s.w.s.m.m.a.RequestMappingHandlerMapping - Mapped "{[/v1/add_activity],methods=[POST]}" onto public org.springframework.http.ResponseEntity<java.lang.Object> com.demo.controller.Activitycontroller.addactivity(java.lang.String)
7577 [main] INFO  o.s.w.s.m.m.a.RequestMappingHandlerMapping - Mapped "{[/v1/assign_activities],methods=[PUT]}" onto public org.springframework.http.ResponseEntity<java.lang.Object> com.demo.controller.Activitycontroller.assignActivities(com.demo.DTO.RoleActivityDTO)
7583 [main] INFO  o.s.w.s.m.m.a.RequestMappingHandlerMapping - Mapped "{[/v1/roles],methods=[GET]}" onto public org.springframework.http.ResponseEntity<java.lang.Object> com.demo.controller.Rolecontroller.getRoles()
7593 [main] INFO  o.s.w.s.m.m.a.RequestMappingHandlerMapping - Mapped "{[/v1/add_role],methods=[POST]}" onto public org.springframework.http.ResponseEntity<java.lang.Object> com.demo.controller.Rolecontroller.addRole(java.lang.String)
7594 [main] INFO  o.s.w.s.m.m.a.RequestMappingHandlerMapping - Mapped "{[/v1/update_role],methods=[POST]}" onto public org.springframework.http.ResponseEntity<java.lang.Object> com.demo.controller.Rolecontroller.changeStatus(java.util.Map<java.lang.String, java.lang.String>)
7595 [main] INFO  o.s.w.s.m.m.a.RequestMappingHandlerMapping - Mapped "{[/v1/active_roles],methods=[GET]}" onto public org.springframework.http.ResponseEntity<java.lang.Object> com.demo.controller.Rolecontroller.getActiveRoles()
7599 [main] INFO  o.s.w.s.m.m.a.RequestMappingHandlerMapping - Mapped "{[/v1/role/name],methods=[GET]}" onto public org.springframework.http.ResponseEntity<java.lang.Object> com.demo.controller.Rolecontroller.getRoleByRoleName(java.lang.String)
7600 [main] INFO  o.s.w.s.m.m.a.RequestMappingHandlerMapping - Mapped "{[/v1/role/id],methods=[GET]}" onto public org.springframework.http.ResponseEntity<java.lang.Object> com.demo.controller.Rolecontroller.getRolebyRoleId(java.lang.String)
7614 [main] INFO  o.s.w.s.m.m.a.RequestMappingHandlerMapping - Mapped "{[/error],produces=[text/html]}" onto public org.springframework.web.servlet.ModelAndView org.springframework.boot.autoconfigure.web.BasicErrorController.errorHtml(javax.servlet.http.HttpServletRequest,javax.servlet.http.HttpServletResponse)
7616 [main] INFO  o.s.w.s.m.m.a.RequestMappingHandlerMapping - Mapped "{[/error]}" onto public org.springframework.http.ResponseEntity<java.util.Map<java.lang.String, java.lang.Object>> org.springframework.boot.autoconfigure.web.BasicErrorController.error(javax.servlet.http.HttpServletRequest)
7682 [main] INFO  o.s.w.s.h.SimpleUrlHandlerMapping - Mapped URL path [/webjars/**] onto handler of type [class org.springframework.web.servlet.resource.ResourceHttpRequestHandler]
7683 [main] INFO  o.s.w.s.h.SimpleUrlHandlerMapping - Mapped URL path [/**] onto handler of type [class org.springframework.web.servlet.resource.ResourceHttpRequestHandler]
7792 [main] INFO  o.s.w.s.h.SimpleUrlHandlerMapping - Mapped URL path [/**/favicon.ico] onto handler of type [class org.springframework.web.servlet.resource.ResourceHttpRequestHandler]
8856 [main] INFO  com.demo.Demo1ApplicationTests - Started Demo1ApplicationTests in 8.185 seconds (JVM running for 9.201)
9127 [Thread-4] INFO  o.s.w.c.s.GenericWebApplicationContext - Closing org.springframework.web.context.support.GenericWebApplicationContext@7e057f43: startup date [Tue Feb 13 13:54:25 IST 2018]; root of context hierarchy
1345 [main] INFO  com.demo.Demo1ApplicationTests - Starting Demo1ApplicationTests on abhishek with PID 19339 (started by abhishek in /home/abhishek/Documents/workspace-sts-3.9.2.RELEASE/demo-1)
1347 [main] INFO  com.demo.Demo1ApplicationTests - The following profiles are active: dev
1418 [main] INFO  o.s.w.c.s.GenericWebApplicationContext - Refreshing org.springframework.web.context.support.GenericWebApplicationContext@7e057f43: startup date [Tue Feb 13 13:57:16 IST 2018]; root of context hierarchy
7719 [main] INFO  o.s.w.s.m.m.a.RequestMappingHandlerAdapter - Looking for @ControllerAdvice: org.springframework.web.context.support.GenericWebApplicationContext@7e057f43: startup date [Tue Feb 13 13:57:16 IST 2018]; root of context hierarchy
7874 [main] INFO  o.s.w.s.m.m.a.RequestMappingHandlerMapping - Mapped "{[/v1/get_activity],methods=[GET]}" onto public org.springframework.http.ResponseEntity<java.lang.Object> com.demo.controller.Activitycontroller.getactivity()
7877 [main] INFO  o.s.w.s.m.m.a.RequestMappingHandlerMapping - Mapped "{[/v1/add_activity],methods=[POST]}" onto public org.springframework.http.ResponseEntity<java.lang.Object> com.demo.controller.Activitycontroller.addactivity(java.lang.String)
7878 [main] INFO  o.s.w.s.m.m.a.RequestMappingHandlerMapping - Mapped "{[/v1/assign_activities],methods=[PUT]}" onto public org.springframework.http.ResponseEntity<java.lang.Object> com.demo.controller.Activitycontroller.assignActivities(com.demo.DTO.RoleActivityDTO)
7880 [main] INFO  o.s.w.s.m.m.a.RequestMappingHandlerMapping - Mapped "{[/v1/roles],methods=[GET]}" onto public org.springframework.http.ResponseEntity<java.lang.Object> com.demo.controller.Rolecontroller.getRoles()
7881 [main] INFO  o.s.w.s.m.m.a.RequestMappingHandlerMapping - Mapped "{[/v1/add_role],methods=[POST]}" onto public org.springframework.http.ResponseEntity<java.lang.Object> com.demo.controller.Rolecontroller.addRole(java.lang.String)
7882 [main] INFO  o.s.w.s.m.m.a.RequestMappingHandlerMapping - Mapped "{[/v1/update_role],methods=[POST]}" onto public org.springframework.http.ResponseEntity<java.lang.Object> com.demo.controller.Rolecontroller.changeStatus(java.util.Map<java.lang.String, java.lang.String>)
7883 [main] INFO  o.s.w.s.m.m.a.RequestMappingHandlerMapping - Mapped "{[/v1/active_roles],methods=[GET]}" onto public org.springframework.http.ResponseEntity<java.lang.Object> com.demo.controller.Rolecontroller.getActiveRoles()
7883 [main] INFO  o.s.w.s.m.m.a.RequestMappingHandlerMapping - Mapped "{[/v1/role/name],methods=[GET]}" onto public org.springframework.http.ResponseEntity<java.lang.Object> com.demo.controller.Rolecontroller.getRoleByRoleName(java.lang.String)
7884 [main] INFO  o.s.w.s.m.m.a.RequestMappingHandlerMapping - Mapped "{[/v1/role/id],methods=[GET]}" onto public org.springframework.http.ResponseEntity<java.lang.Object> com.demo.controller.Rolecontroller.getRolebyRoleId(java.lang.String)
7888 [main] INFO  o.s.w.s.m.m.a.RequestMappingHandlerMapping - Mapped "{[/error],produces=[text/html]}" onto public org.springframework.web.servlet.ModelAndView org.springframework.boot.autoconfigure.web.BasicErrorController.errorHtml(javax.servlet.http.HttpServletRequest,javax.servlet.http.HttpServletResponse)
7889 [main] INFO  o.s.w.s.m.m.a.RequestMappingHandlerMapping - Mapped "{[/error]}" onto public org.springframework.http.ResponseEntity<java.util.Map<java.lang.String, java.lang.Object>> org.springframework.boot.autoconfigure.web.BasicErrorController.error(javax.servlet.http.HttpServletRequest)
7941 [main] INFO  o.s.w.s.h.SimpleUrlHandlerMapping - Mapped URL path [/webjars/**] onto handler of type [class org.springframework.web.servlet.resource.ResourceHttpRequestHandler]
7942 [main] INFO  o.s.w.s.h.SimpleUrlHandlerMapping - Mapped URL path [/**] onto handler of type [class org.springframework.web.servlet.resource.ResourceHttpRequestHandler]
8018 [main] INFO  o.s.w.s.h.SimpleUrlHandlerMapping - Mapped URL path [/**/favicon.ico] onto handler of type [class org.springframework.web.servlet.resource.ResourceHttpRequestHandler]
8546 [main] INFO  com.demo.Demo1ApplicationTests - Started Demo1ApplicationTests in 7.812 seconds (JVM running for 8.865)
1217 [main] INFO  com.demo.Demo1ApplicationTests - Starting Demo1ApplicationTests on abhishek with PID 19925 (started by abhishek in /home/abhishek/Documents/workspace-sts-3.9.2.RELEASE/demo-1)
1220 [main] INFO  com.demo.Demo1ApplicationTests - The following profiles are active: dev
1306 [main] INFO  o.s.w.c.s.GenericWebApplicationContext - Refreshing org.springframework.web.context.support.GenericWebApplicationContext@d737b89: startup date [Tue Feb 13 14:06:28 IST 2018]; root of context hierarchy
6980 [main] INFO  o.s.w.s.m.m.a.RequestMappingHandlerAdapter - Looking for @ControllerAdvice: org.springframework.web.context.support.GenericWebApplicationContext@d737b89: startup date [Tue Feb 13 14:06:28 IST 2018]; root of context hierarchy
7130 [main] INFO  o.s.w.s.m.m.a.RequestMappingHandlerMapping - Mapped "{[/v1/get_activity],methods=[GET]}" onto public org.springframework.http.ResponseEntity<java.lang.Object> com.demo.controller.Activitycontroller.getactivity()
7132 [main] INFO  o.s.w.s.m.m.a.RequestMappingHandlerMapping - Mapped "{[/v1/add_activity],methods=[POST]}" onto public org.springframework.http.ResponseEntity<java.lang.Object> com.demo.controller.Activitycontroller.addactivity(java.lang.String)
7133 [main] INFO  o.s.w.s.m.m.a.RequestMappingHandlerMapping - Mapped "{[/v1/assign_activities],methods=[PUT]}" onto public org.springframework.http.ResponseEntity<java.lang.Object> com.demo.controller.Activitycontroller.assignActivities(com.demo.DTO.RoleActivityDTO)
7135 [main] INFO  o.s.w.s.m.m.a.RequestMappingHandlerMapping - Mapped "{[/v1/roles],methods=[GET]}" onto public org.springframework.http.ResponseEntity<java.lang.Object> com.demo.controller.Rolecontroller.getRoles()
7135 [main] INFO  o.s.w.s.m.m.a.RequestMappingHandlerMapping - Mapped "{[/v1/add_role],methods=[POST]}" onto public org.springframework.http.ResponseEntity<java.lang.Object> com.demo.controller.Rolecontroller.addRole(java.lang.String)
7136 [main] INFO  o.s.w.s.m.m.a.RequestMappingHandlerMapping - Mapped "{[/v1/update_role],methods=[POST]}" onto public org.springframework.http.ResponseEntity<java.lang.Object> com.demo.controller.Rolecontroller.changeStatus(java.util.Map<java.lang.String, java.lang.String>)
7137 [main] INFO  o.s.w.s.m.m.a.RequestMappingHandlerMapping - Mapped "{[/v1/active_roles],methods=[GET]}" onto public org.springframework.http.ResponseEntity<java.lang.Object> com.demo.controller.Rolecontroller.getActiveRoles()
7138 [main] INFO  o.s.w.s.m.m.a.RequestMappingHandlerMapping - Mapped "{[/v1/role/name],methods=[GET]}" onto public org.springframework.http.ResponseEntity<java.lang.Object> com.demo.controller.Rolecontroller.getRoleByRoleName(java.lang.String)
7139 [main] INFO  o.s.w.s.m.m.a.RequestMappingHandlerMapping - Mapped "{[/v1/role/id],methods=[GET]}" onto public org.springframework.http.ResponseEntity<java.lang.Object> com.demo.controller.Rolecontroller.getRolebyRoleId(java.lang.String)
7146 [main] INFO  o.s.w.s.m.m.a.RequestMappingHandlerMapping - Mapped "{[/error],produces=[text/html]}" onto public org.springframework.web.servlet.ModelAndView org.springframework.boot.autoconfigure.web.BasicErrorController.errorHtml(javax.servlet.http.HttpServletRequest,javax.servlet.http.HttpServletResponse)
7147 [main] INFO  o.s.w.s.m.m.a.RequestMappingHandlerMapping - Mapped "{[/error]}" onto public org.springframework.http.ResponseEntity<java.util.Map<java.lang.String, java.lang.Object>> org.springframework.boot.autoconfigure.web.BasicErrorController.error(javax.servlet.http.HttpServletRequest)
7210 [main] INFO  o.s.w.s.h.SimpleUrlHandlerMapping - Mapped URL path [/webjars/**] onto handler of type [class org.springframework.web.servlet.resource.ResourceHttpRequestHandler]
7211 [main] INFO  o.s.w.s.h.SimpleUrlHandlerMapping - Mapped URL path [/**] onto handler of type [class org.springframework.web.servlet.resource.ResourceHttpRequestHandler]
7273 [main] INFO  o.s.w.s.h.SimpleUrlHandlerMapping - Mapped URL path [/**/favicon.ico] onto handler of type [class org.springframework.web.servlet.resource.ResourceHttpRequestHandler]
7745 [main] INFO  com.demo.Demo1ApplicationTests - Started Demo1ApplicationTests in 7.045 seconds (JVM running for 8.067)
2144 [main] INFO  com.demo.Demo1ApplicationTests - Starting Demo1ApplicationTests on abhishek with PID 23904 (started by abhishek in /home/abhishek/Documents/workspace-sts-3.9.2.RELEASE/demo-1)
2148 [main] INFO  com.demo.Demo1ApplicationTests - The following profiles are active: dev
2262 [main] INFO  o.s.w.c.s.GenericWebApplicationContext - Refreshing org.springframework.web.context.support.GenericWebApplicationContext@d737b89: startup date [Tue Feb 13 15:21:39 IST 2018]; root of context hierarchy
10963 [main] INFO  o.s.w.s.m.m.a.RequestMappingHandlerAdapter - Looking for @ControllerAdvice: org.springframework.web.context.support.GenericWebApplicationContext@d737b89: startup date [Tue Feb 13 15:21:39 IST 2018]; root of context hierarchy
11142 [main] INFO  o.s.w.s.m.m.a.RequestMappingHandlerMapping - Mapped "{[/v1/get_activity],methods=[GET]}" onto public org.springframework.http.ResponseEntity<java.lang.Object> com.demo.controller.Activitycontroller.getactivity()
11145 [main] INFO  o.s.w.s.m.m.a.RequestMappingHandlerMapping - Mapped "{[/v1/add_activity],methods=[POST]}" onto public org.springframework.http.ResponseEntity<java.lang.Object> com.demo.controller.Activitycontroller.addactivity(java.lang.String)
11146 [main] INFO  o.s.w.s.m.m.a.RequestMappingHandlerMapping - Mapped "{[/v1/assign_activities],methods=[PUT]}" onto public org.springframework.http.ResponseEntity<java.lang.Object> com.demo.controller.Activitycontroller.assignActivities(com.demo.DTO.RoleActivityDTO)
11150 [main] INFO  o.s.w.s.m.m.a.RequestMappingHandlerMapping - Mapped "{[/v1/roles],methods=[GET]}" onto public org.springframework.http.ResponseEntity<java.lang.Object> com.demo.controller.Rolecontroller.getRoles()
11151 [main] INFO  o.s.w.s.m.m.a.RequestMappingHandlerMapping - Mapped "{[/v1/add_role],methods=[POST]}" onto public org.springframework.http.ResponseEntity<java.lang.Object> com.demo.controller.Rolecontroller.addRole(java.lang.String)
11153 [main] INFO  o.s.w.s.m.m.a.RequestMappingHandlerMapping - Mapped "{[/v1/update_role],methods=[POST]}" onto public org.springframework.http.ResponseEntity<java.lang.Object> com.demo.controller.Rolecontroller.changeStatus(java.util.Map<java.lang.String, java.lang.String>)
11156 [main] INFO  o.s.w.s.m.m.a.RequestMappingHandlerMapping - Mapped "{[/v1/active_roles],methods=[GET]}" onto public org.springframework.http.ResponseEntity<java.lang.Object> com.demo.controller.Rolecontroller.getActiveRoles()
11157 [main] INFO  o.s.w.s.m.m.a.RequestMappingHandlerMapping - Mapped "{[/v1/role/name],methods=[GET]}" onto public org.springframework.http.ResponseEntity<java.lang.Object> com.demo.controller.Rolecontroller.getRoleByRoleName(java.lang.String)
11159 [main] INFO  o.s.w.s.m.m.a.RequestMappingHandlerMapping - Mapped "{[/v1/role/id],methods=[GET]}" onto public org.springframework.http.ResponseEntity<java.lang.Object> com.demo.controller.Rolecontroller.getRolebyRoleId(java.lang.String)
11163 [main] INFO  o.s.w.s.m.m.a.RequestMappingHandlerMapping - Mapped "{[/error],produces=[text/html]}" onto public org.springframework.web.servlet.ModelAndView org.springframework.boot.autoconfigure.web.BasicErrorController.errorHtml(javax.servlet.http.HttpServletRequest,javax.servlet.http.HttpServletResponse)
11164 [main] INFO  o.s.w.s.m.m.a.RequestMappingHandlerMapping - Mapped "{[/error]}" onto public org.springframework.http.ResponseEntity<java.util.Map<java.lang.String, java.lang.Object>> org.springframework.boot.autoconfigure.web.BasicErrorController.error(javax.servlet.http.HttpServletRequest)
11255 [main] INFO  o.s.w.s.h.SimpleUrlHandlerMapping - Mapped URL path [/webjars/**] onto handler of type [class org.springframework.web.servlet.resource.ResourceHttpRequestHandler]
11256 [main] INFO  o.s.w.s.h.SimpleUrlHandlerMapping - Mapped URL path [/**] onto handler of type [class org.springframework.web.servlet.resource.ResourceHttpRequestHandler]
11356 [main] INFO  o.s.w.s.h.SimpleUrlHandlerMapping - Mapped URL path [/**/favicon.ico] onto handler of type [class org.springframework.web.servlet.resource.ResourceHttpRequestHandler]
12278 [main] INFO  com.demo.Demo1ApplicationTests - Started Demo1ApplicationTests in 11.109 seconds (JVM running for 12.61)
12604 [Thread-4] INFO  o.s.w.c.s.GenericWebApplicationContext - Closing org.springframework.web.context.support.GenericWebApplicationContext@d737b89: startup date [Tue Feb 13 15:21:39 IST 2018]; root of context hierarchy
970  [restartedMain] INFO  com.demo.Demo1Application - Starting Demo1Application on abhishek with PID 24710 (/home/abhishek/Documents/workspace-sts-3.9.2.RELEASE/demo-1/target/classes started by abhishek in /home/abhishek/Documents/workspace-sts-3.9.2.RELEASE/demo-1)
972  [restartedMain] INFO  com.demo.Demo1Application - The following profiles are active: dev
3172 [localhost-startStop-1] INFO  o.s.web.context.ContextLoader - Root WebApplicationContext: initialization completed in 2130 ms
5759 [restartedMain] INFO  o.s.w.s.m.m.a.RequestMappingHandlerAdapter - Looking for @ControllerAdvice: org.springframework.boot.context.embedded.AnnotationConfigEmbeddedWebApplicationContext@735ae0dd: startup date [Tue Feb 13 15:41:04 IST 2018]; root of context hierarchy
5818 [restartedMain] INFO  o.s.w.s.m.m.a.RequestMappingHandlerMapping - Mapped "{[/v1/get_activity],methods=[GET]}" onto public org.springframework.http.ResponseEntity<java.lang.Object> com.demo.controller.Activitycontroller.getactivity()
5821 [restartedMain] INFO  o.s.w.s.m.m.a.RequestMappingHandlerMapping - Mapped "{[/v1/add_activity],methods=[POST]}" onto public org.springframework.http.ResponseEntity<java.lang.Object> com.demo.controller.Activitycontroller.addactivity(java.lang.String)
5823 [restartedMain] INFO  o.s.w.s.m.m.a.RequestMappingHandlerMapping - Mapped "{[/v1/assign_activities],methods=[PUT]}" onto public org.springframework.http.ResponseEntity<java.lang.Object> com.demo.controller.Activitycontroller.assignActivities(com.demo.DTO.RoleActivityDTO)
5824 [restartedMain] INFO  o.s.w.s.m.m.a.RequestMappingHandlerMapping - Mapped "{[/v1/add_role],methods=[POST]}" onto public org.springframework.http.ResponseEntity<java.lang.Object> com.demo.controller.Rolecontroller.addRole(java.lang.String)
5824 [restartedMain] INFO  o.s.w.s.m.m.a.RequestMappingHandlerMapping - Mapped "{[/v1/update_role],methods=[POST]}" onto public org.springframework.http.ResponseEntity<java.lang.Object> com.demo.controller.Rolecontroller.changeStatus(java.util.Map<java.lang.String, java.lang.String>)
5825 [restartedMain] INFO  o.s.w.s.m.m.a.RequestMappingHandlerMapping - Mapped "{[/v1/roles],methods=[GET]}" onto public org.springframework.http.ResponseEntity<java.lang.Object> com.demo.controller.Rolecontroller.getRoles()
5825 [restartedMain] INFO  o.s.w.s.m.m.a.RequestMappingHandlerMapping - Mapped "{[/v1/active_roles],methods=[GET]}" onto public org.springframework.http.ResponseEntity<java.lang.Object> com.demo.controller.Rolecontroller.getActiveRoles()
5825 [restartedMain] INFO  o.s.w.s.m.m.a.RequestMappingHandlerMapping - Mapped "{[/v1/role/name],methods=[GET]}" onto public org.springframework.http.ResponseEntity<java.lang.Object> com.demo.controller.Rolecontroller.getRoleByRoleName(java.lang.String)
5826 [restartedMain] INFO  o.s.w.s.m.m.a.RequestMappingHandlerMapping - Mapped "{[/v1/role/id],methods=[GET]}" onto public org.springframework.http.ResponseEntity<java.lang.Object> com.demo.controller.Rolecontroller.getRolebyRoleId(java.lang.String)
5828 [restartedMain] INFO  o.s.w.s.m.m.a.RequestMappingHandlerMapping - Mapped "{[/error],produces=[text/html]}" onto public org.springframework.web.servlet.ModelAndView org.springframework.boot.autoconfigure.web.BasicErrorController.errorHtml(javax.servlet.http.HttpServletRequest,javax.servlet.http.HttpServletResponse)
5829 [restartedMain] INFO  o.s.w.s.m.m.a.RequestMappingHandlerMapping - Mapped "{[/error]}" onto public org.springframework.http.ResponseEntity<java.util.Map<java.lang.String, java.lang.Object>> org.springframework.boot.autoconfigure.web.BasicErrorController.error(javax.servlet.http.HttpServletRequest)
5853 [restartedMain] INFO  o.s.w.s.h.SimpleUrlHandlerMapping - Mapped URL path [/webjars/**] onto handler of type [class org.springframework.web.servlet.resource.ResourceHttpRequestHandler]
5853 [restartedMain] INFO  o.s.w.s.h.SimpleUrlHandlerMapping - Mapped URL path [/**] onto handler of type [class org.springframework.web.servlet.resource.ResourceHttpRequestHandler]
5900 [restartedMain] INFO  o.s.w.s.h.SimpleUrlHandlerMapping - Mapped URL path [/**/favicon.ico] onto handler of type [class org.springframework.web.servlet.resource.ResourceHttpRequestHandler]
6588 [restartedMain] INFO  com.demo.Demo1Application - Started Demo1Application in 6.133 seconds (JVM running for 6.968)
1578 [main] INFO  com.demo.Demo1ApplicationTests - Starting Demo1ApplicationTests on abhishek with PID 27235 (started by abhishek in /home/abhishek/Documents/workspace-sts-3.9.2.RELEASE/demo-1)
1581 [main] INFO  com.demo.Demo1ApplicationTests - The following profiles are active: dev
1656 [main] INFO  o.s.w.c.s.GenericWebApplicationContext - Refreshing org.springframework.web.context.support.GenericWebApplicationContext@d737b89: startup date [Tue Feb 13 16:29:43 IST 2018]; root of context hierarchy
9160 [main] INFO  o.s.w.s.m.m.a.RequestMappingHandlerAdapter - Looking for @ControllerAdvice: org.springframework.web.context.support.GenericWebApplicationContext@d737b89: startup date [Tue Feb 13 16:29:43 IST 2018]; root of context hierarchy
9319 [main] INFO  o.s.w.s.m.m.a.RequestMappingHandlerMapping - Mapped "{[/v1/get_activity],methods=[GET]}" onto public org.springframework.http.ResponseEntity<java.lang.Object> com.demo.controller.Activitycontroller.getactivity()
9321 [main] INFO  o.s.w.s.m.m.a.RequestMappingHandlerMapping - Mapped "{[/v1/add_activity],methods=[POST]}" onto public org.springframework.http.ResponseEntity<java.lang.Object> com.demo.controller.Activitycontroller.addactivity(java.lang.String)
9322 [main] INFO  o.s.w.s.m.m.a.RequestMappingHandlerMapping - Mapped "{[/v1/assign_activities],methods=[PUT]}" onto public org.springframework.http.ResponseEntity<java.lang.Object> com.demo.controller.Activitycontroller.assignActivities(com.demo.DTO.RoleActivityDTO)
9324 [main] INFO  o.s.w.s.m.m.a.RequestMappingHandlerMapping - Mapped "{[/v1/roles],methods=[GET]}" onto public org.springframework.http.ResponseEntity<java.lang.Object> com.demo.controller.Rolecontroller.getRoles()
9325 [main] INFO  o.s.w.s.m.m.a.RequestMappingHandlerMapping - Mapped "{[/v1/add_role],methods=[POST]}" onto public org.springframework.http.ResponseEntity<java.lang.Object> com.demo.controller.Rolecontroller.addRole(java.lang.String)
9326 [main] INFO  o.s.w.s.m.m.a.RequestMappingHandlerMapping - Mapped "{[/v1/update_role],methods=[POST]}" onto public org.springframework.http.ResponseEntity<java.lang.Object> com.demo.controller.Rolecontroller.changeStatus(java.util.Map<java.lang.String, java.lang.String>)
9327 [main] INFO  o.s.w.s.m.m.a.RequestMappingHandlerMapping - Mapped "{[/v1/active_roles],methods=[GET]}" onto public org.springframework.http.ResponseEntity<java.lang.Object> com.demo.controller.Rolecontroller.getActiveRoles()
9328 [main] INFO  o.s.w.s.m.m.a.RequestMappingHandlerMapping - Mapped "{[/v1/role/name],methods=[GET]}" onto public org.springframework.http.ResponseEntity<java.lang.Object> com.demo.controller.Rolecontroller.getRoleByRoleName(java.lang.String)
9329 [main] INFO  o.s.w.s.m.m.a.RequestMappingHandlerMapping - Mapped "{[/v1/role/id],methods=[GET]}" onto public org.springframework.http.ResponseEntity<java.lang.Object> com.demo.controller.Rolecontroller.getRolebyRoleId(java.lang.String)
9333 [main] INFO  o.s.w.s.m.m.a.RequestMappingHandlerMapping - Mapped "{[/error],produces=[text/html]}" onto public org.springframework.web.servlet.ModelAndView org.springframework.boot.autoconfigure.web.BasicErrorController.errorHtml(javax.servlet.http.HttpServletRequest,javax.servlet.http.HttpServletResponse)
9334 [main] INFO  o.s.w.s.m.m.a.RequestMappingHandlerMapping - Mapped "{[/error]}" onto public org.springframework.http.ResponseEntity<java.util.Map<java.lang.String, java.lang.Object>> org.springframework.boot.autoconfigure.web.BasicErrorController.error(javax.servlet.http.HttpServletRequest)
9445 [main] INFO  o.s.w.s.h.SimpleUrlHandlerMapping - Mapped URL path [/webjars/**] onto handler of type [class org.springframework.web.servlet.resource.ResourceHttpRequestHandler]
9445 [main] INFO  o.s.w.s.h.SimpleUrlHandlerMapping - Mapped URL path [/**] onto handler of type [class org.springframework.web.servlet.resource.ResourceHttpRequestHandler]
9540 [main] INFO  o.s.w.s.h.SimpleUrlHandlerMapping - Mapped URL path [/**/favicon.ico] onto handler of type [class org.springframework.web.servlet.resource.ResourceHttpRequestHandler]
9883 [main] INFO  com.demo.Demo1ApplicationTests - Started Demo1ApplicationTests in 8.975 seconds (JVM running for 10.215)
10135 [Thread-4] INFO  o.s.w.c.s.GenericWebApplicationContext - Closing org.springframework.web.context.support.GenericWebApplicationContext@d737b89: startup date [Tue Feb 13 16:29:43 IST 2018]; root of context hierarchy
1350 [main] INFO  com.demo.Demo1ApplicationTests - Starting Demo1ApplicationTests on abhishek with PID 27500 (started by abhishek in /home/abhishek/Documents/workspace-sts-3.9.2.RELEASE/demo-1)
1352 [main] INFO  com.demo.Demo1ApplicationTests - The following profiles are active: dev
1440 [main] INFO  o.s.w.c.s.GenericWebApplicationContext - Refreshing org.springframework.web.context.support.GenericWebApplicationContext@d737b89: startup date [Tue Feb 13 16:32:48 IST 2018]; root of context hierarchy
7271 [main] INFO  o.s.w.s.m.m.a.RequestMappingHandlerAdapter - Looking for @ControllerAdvice: org.springframework.web.context.support.GenericWebApplicationContext@d737b89: startup date [Tue Feb 13 16:32:48 IST 2018]; root of context hierarchy
7416 [main] INFO  o.s.w.s.m.m.a.RequestMappingHandlerMapping - Mapped "{[/v1/get_activity],methods=[GET]}" onto public org.springframework.http.ResponseEntity<java.lang.Object> com.demo.controller.Activitycontroller.getactivity()
7417 [main] INFO  o.s.w.s.m.m.a.RequestMappingHandlerMapping - Mapped "{[/v1/add_activity],methods=[POST]}" onto public org.springframework.http.ResponseEntity<java.lang.Object> com.demo.controller.Activitycontroller.addactivity(java.lang.String)
7418 [main] INFO  o.s.w.s.m.m.a.RequestMappingHandlerMapping - Mapped "{[/v1/assign_activities],methods=[PUT]}" onto public org.springframework.http.ResponseEntity<java.lang.Object> com.demo.controller.Activitycontroller.assignActivities(com.demo.DTO.RoleActivityDTO)
7421 [main] INFO  o.s.w.s.m.m.a.RequestMappingHandlerMapping - Mapped "{[/v1/roles],methods=[GET]}" onto public org.springframework.http.ResponseEntity<java.lang.Object> com.demo.controller.Rolecontroller.getRoles()
7422 [main] INFO  o.s.w.s.m.m.a.RequestMappingHandlerMapping - Mapped "{[/v1/add_role],methods=[POST]}" onto public org.springframework.http.ResponseEntity<java.lang.Object> com.demo.controller.Rolecontroller.addRole(java.lang.String)
7422 [main] INFO  o.s.w.s.m.m.a.RequestMappingHandlerMapping - Mapped "{[/v1/active_roles],methods=[GET]}" onto public org.springframework.http.ResponseEntity<java.lang.Object> com.demo.controller.Rolecontroller.getActiveRoles()
7423 [main] INFO  o.s.w.s.m.m.a.RequestMappingHandlerMapping - Mapped "{[/v1/role/name],methods=[GET]}" onto public org.springframework.http.ResponseEntity<java.lang.Object> com.demo.controller.Rolecontroller.getRoleByRoleName(java.lang.String)
7424 [main] INFO  o.s.w.s.m.m.a.RequestMappingHandlerMapping - Mapped "{[/v1/role/id],methods=[GET]}" onto public org.springframework.http.ResponseEntity<java.lang.Object> com.demo.controller.Rolecontroller.getRolebyRoleId(java.lang.String)
7425 [main] INFO  o.s.w.s.m.m.a.RequestMappingHandlerMapping - Mapped "{[/v1/update_role],methods=[POST]}" onto public org.springframework.http.ResponseEntity<java.lang.Object> com.demo.controller.Rolecontroller.changeStatus(java.util.Map<java.lang.String, java.lang.String>)
7428 [main] INFO  o.s.w.s.m.m.a.RequestMappingHandlerMapping - Mapped "{[/error],produces=[text/html]}" onto public org.springframework.web.servlet.ModelAndView org.springframework.boot.autoconfigure.web.BasicErrorController.errorHtml(javax.servlet.http.HttpServletRequest,javax.servlet.http.HttpServletResponse)
7429 [main] INFO  o.s.w.s.m.m.a.RequestMappingHandlerMapping - Mapped "{[/error]}" onto public org.springframework.http.ResponseEntity<java.util.Map<java.lang.String, java.lang.Object>> org.springframework.boot.autoconfigure.web.BasicErrorController.error(javax.servlet.http.HttpServletRequest)
7480 [main] INFO  o.s.w.s.h.SimpleUrlHandlerMapping - Mapped URL path [/webjars/**] onto handler of type [class org.springframework.web.servlet.resource.ResourceHttpRequestHandler]
7480 [main] INFO  o.s.w.s.h.SimpleUrlHandlerMapping - Mapped URL path [/**] onto handler of type [class org.springframework.web.servlet.resource.ResourceHttpRequestHandler]
7545 [main] INFO  o.s.w.s.h.SimpleUrlHandlerMapping - Mapped URL path [/**/favicon.ico] onto handler of type [class org.springframework.web.servlet.resource.ResourceHttpRequestHandler]
7876 [main] INFO  com.demo.Demo1ApplicationTests - Started Demo1ApplicationTests in 7.058 seconds (JVM running for 8.23)
7946 [Thread-4] INFO  o.s.w.c.s.GenericWebApplicationContext - Closing org.springframework.web.context.support.GenericWebApplicationContext@d737b89: startup date [Tue Feb 13 16:32:48 IST 2018]; root of context hierarchy
1213 [main] INFO  com.demo.Demo1ApplicationTests - Starting Demo1ApplicationTests on abhishek with PID 27713 (started by abhishek in /home/abhishek/Documents/workspace-sts-3.9.2.RELEASE/demo-1)
1218 [main] INFO  com.demo.Demo1ApplicationTests - The following profiles are active: dev
1334 [main] INFO  o.s.w.c.s.GenericWebApplicationContext - Refreshing org.springframework.web.context.support.GenericWebApplicationContext@d737b89: startup date [Tue Feb 13 16:36:05 IST 2018]; root of context hierarchy
7325 [main] INFO  o.s.w.s.m.m.a.RequestMappingHandlerAdapter - Looking for @ControllerAdvice: org.springframework.web.context.support.GenericWebApplicationContext@d737b89: startup date [Tue Feb 13 16:36:05 IST 2018]; root of context hierarchy
7472 [main] INFO  o.s.w.s.m.m.a.RequestMappingHandlerMapping - Mapped "{[/v1/get_activity],methods=[GET]}" onto public org.springframework.http.ResponseEntity<java.lang.Object> com.demo.controller.Activitycontroller.getactivity()
7474 [main] INFO  o.s.w.s.m.m.a.RequestMappingHandlerMapping - Mapped "{[/v1/add_activity],methods=[POST]}" onto public org.springframework.http.ResponseEntity<java.lang.Object> com.demo.controller.Activitycontroller.addactivity(java.lang.String)
7475 [main] INFO  o.s.w.s.m.m.a.RequestMappingHandlerMapping - Mapped "{[/v1/assign_activities],methods=[PUT]}" onto public org.springframework.http.ResponseEntity<java.lang.Object> com.demo.controller.Activitycontroller.assignActivities(com.demo.DTO.RoleActivityDTO)
7476 [main] INFO  o.s.w.s.m.m.a.RequestMappingHandlerMapping - Mapped "{[/v1/roles],methods=[GET]}" onto public org.springframework.http.ResponseEntity<java.lang.Object> com.demo.controller.Rolecontroller.getRoles()
7477 [main] INFO  o.s.w.s.m.m.a.RequestMappingHandlerMapping - Mapped "{[/v1/add_role],methods=[POST]}" onto public org.springframework.http.ResponseEntity<java.lang.Object> com.demo.controller.Rolecontroller.addRole(java.lang.String)
7478 [main] INFO  o.s.w.s.m.m.a.RequestMappingHandlerMapping - Mapped "{[/v1/update_role],methods=[POST]}" onto public org.springframework.http.ResponseEntity<java.lang.Object> com.demo.controller.Rolecontroller.changeStatus(java.util.Map<java.lang.String, java.lang.String>)
7479 [main] INFO  o.s.w.s.m.m.a.RequestMappingHandlerMapping - Mapped "{[/v1/active_roles],methods=[GET]}" onto public org.springframework.http.ResponseEntity<java.lang.Object> com.demo.controller.Rolecontroller.getActiveRoles()
7480 [main] INFO  o.s.w.s.m.m.a.RequestMappingHandlerMapping - Mapped "{[/v1/role/name],methods=[GET]}" onto public org.springframework.http.ResponseEntity<java.lang.Object> com.demo.controller.Rolecontroller.getRoleByRoleName(java.lang.String)
7480 [main] INFO  o.s.w.s.m.m.a.RequestMappingHandlerMapping - Mapped "{[/v1/role/id],methods=[GET]}" onto public org.springframework.http.ResponseEntity<java.lang.Object> com.demo.controller.Rolecontroller.getRolebyRoleId(java.lang.String)
7484 [main] INFO  o.s.w.s.m.m.a.RequestMappingHandlerMapping - Mapped "{[/error],produces=[text/html]}" onto public org.springframework.web.servlet.ModelAndView org.springframework.boot.autoconfigure.web.BasicErrorController.errorHtml(javax.servlet.http.HttpServletRequest,javax.servlet.http.HttpServletResponse)
7485 [main] INFO  o.s.w.s.m.m.a.RequestMappingHandlerMapping - Mapped "{[/error]}" onto public org.springframework.http.ResponseEntity<java.util.Map<java.lang.String, java.lang.Object>> org.springframework.boot.autoconfigure.web.BasicErrorController.error(javax.servlet.http.HttpServletRequest)
7541 [main] INFO  o.s.w.s.h.SimpleUrlHandlerMapping - Mapped URL path [/webjars/**] onto handler of type [class org.springframework.web.servlet.resource.ResourceHttpRequestHandler]
7541 [main] INFO  o.s.w.s.h.SimpleUrlHandlerMapping - Mapped URL path [/**] onto handler of type [class org.springframework.web.servlet.resource.ResourceHttpRequestHandler]
7615 [main] INFO  o.s.w.s.h.SimpleUrlHandlerMapping - Mapped URL path [/**/favicon.ico] onto handler of type [class org.springframework.web.servlet.resource.ResourceHttpRequestHandler]
7963 [main] INFO  com.demo.Demo1ApplicationTests - Started Demo1ApplicationTests in 7.285 seconds (JVM running for 8.249)
1162 [main] INFO  com.demo.Demo1ApplicationTests - Starting Demo1ApplicationTests on abhishek with PID 27850 (started by abhishek in /home/abhishek/Documents/workspace-sts-3.9.2.RELEASE/demo-1)
1166 [main] INFO  com.demo.Demo1ApplicationTests - The following profiles are active: dev
1250 [main] INFO  o.s.w.c.s.GenericWebApplicationContext - Refreshing org.springframework.web.context.support.GenericWebApplicationContext@d737b89: startup date [Tue Feb 13 16:37:17 IST 2018]; root of context hierarchy
6953 [main] INFO  o.s.w.s.m.m.a.RequestMappingHandlerAdapter - Looking for @ControllerAdvice: org.springframework.web.context.support.GenericWebApplicationContext@d737b89: startup date [Tue Feb 13 16:37:17 IST 2018]; root of context hierarchy
7090 [main] INFO  o.s.w.s.m.m.a.RequestMappingHandlerMapping - Mapped "{[/v1/get_activity],methods=[GET]}" onto public org.springframework.http.ResponseEntity<java.lang.Object> com.demo.controller.Activitycontroller.getactivity()
7092 [main] INFO  o.s.w.s.m.m.a.RequestMappingHandlerMapping - Mapped "{[/v1/add_activity],methods=[POST]}" onto public org.springframework.http.ResponseEntity<java.lang.Object> com.demo.controller.Activitycontroller.addactivity(java.lang.String)
7099 [main] INFO  o.s.w.s.m.m.a.RequestMappingHandlerMapping - Mapped "{[/v1/assign_activities],methods=[PUT]}" onto public org.springframework.http.ResponseEntity<java.lang.Object> com.demo.controller.Activitycontroller.assignActivities(com.demo.DTO.RoleActivityDTO)
7107 [main] INFO  o.s.w.s.m.m.a.RequestMappingHandlerMapping - Mapped "{[/v1/roles],methods=[GET]}" onto public org.springframework.http.ResponseEntity<java.lang.Object> com.demo.controller.Rolecontroller.getRoles()
7108 [main] INFO  o.s.w.s.m.m.a.RequestMappingHandlerMapping - Mapped "{[/v1/add_role],methods=[POST]}" onto public org.springframework.http.ResponseEntity<java.lang.Object> com.demo.controller.Rolecontroller.addRole(java.lang.String)
7108 [main] INFO  o.s.w.s.m.m.a.RequestMappingHandlerMapping - Mapped "{[/v1/update_role],methods=[POST]}" onto public org.springframework.http.ResponseEntity<java.lang.Object> com.demo.controller.Rolecontroller.changeStatus(java.util.Map<java.lang.String, java.lang.String>)
7109 [main] INFO  o.s.w.s.m.m.a.RequestMappingHandlerMapping - Mapped "{[/v1/active_roles],methods=[GET]}" onto public org.springframework.http.ResponseEntity<java.lang.Object> com.demo.controller.Rolecontroller.getActiveRoles()
7111 [main] INFO  o.s.w.s.m.m.a.RequestMappingHandlerMapping - Mapped "{[/v1/role/name],methods=[GET]}" onto public org.springframework.http.ResponseEntity<java.lang.Object> com.demo.controller.Rolecontroller.getRoleByRoleName(java.lang.String)
7112 [main] INFO  o.s.w.s.m.m.a.RequestMappingHandlerMapping - Mapped "{[/v1/role/id],methods=[GET]}" onto public org.springframework.http.ResponseEntity<java.lang.Object> com.demo.controller.Rolecontroller.getRolebyRoleId(java.lang.String)
7119 [main] INFO  o.s.w.s.m.m.a.RequestMappingHandlerMapping - Mapped "{[/error],produces=[text/html]}" onto public org.springframework.web.servlet.ModelAndView org.springframework.boot.autoconfigure.web.BasicErrorController.errorHtml(javax.servlet.http.HttpServletRequest,javax.servlet.http.HttpServletResponse)
7120 [main] INFO  o.s.w.s.m.m.a.RequestMappingHandlerMapping - Mapped "{[/error]}" onto public org.springframework.http.ResponseEntity<java.util.Map<java.lang.String, java.lang.Object>> org.springframework.boot.autoconfigure.web.BasicErrorController.error(javax.servlet.http.HttpServletRequest)
7192 [main] INFO  o.s.w.s.h.SimpleUrlHandlerMapping - Mapped URL path [/webjars/**] onto handler of type [class org.springframework.web.servlet.resource.ResourceHttpRequestHandler]
7192 [main] INFO  o.s.w.s.h.SimpleUrlHandlerMapping - Mapped URL path [/**] onto handler of type [class org.springframework.web.servlet.resource.ResourceHttpRequestHandler]
7271 [main] INFO  o.s.w.s.h.SimpleUrlHandlerMapping - Mapped URL path [/**/favicon.ico] onto handler of type [class org.springframework.web.servlet.resource.ResourceHttpRequestHandler]
7718 [main] INFO  com.demo.Demo1ApplicationTests - Started Demo1ApplicationTests in 7.067 seconds (JVM running for 7.998)
1152 [main] INFO  com.demo.Demo1ApplicationTests - Starting Demo1ApplicationTests on abhishek with PID 28064 (started by abhishek in /home/abhishek/Documents/workspace-sts-3.9.2.RELEASE/demo-1)
1158 [main] INFO  com.demo.Demo1ApplicationTests - The following profiles are active: dev
1216 [main] INFO  o.s.w.c.s.GenericWebApplicationContext - Refreshing org.springframework.web.context.support.GenericWebApplicationContext@d737b89: startup date [Tue Feb 13 16:39:31 IST 2018]; root of context hierarchy
6746 [main] INFO  o.s.w.s.m.m.a.RequestMappingHandlerAdapter - Looking for @ControllerAdvice: org.springframework.web.context.support.GenericWebApplicationContext@d737b89: startup date [Tue Feb 13 16:39:31 IST 2018]; root of context hierarchy
6885 [main] INFO  o.s.w.s.m.m.a.RequestMappingHandlerMapping - Mapped "{[/v1/get_activity],methods=[GET]}" onto public org.springframework.http.ResponseEntity<java.lang.Object> com.demo.controller.Activitycontroller.getactivity()
6886 [main] INFO  o.s.w.s.m.m.a.RequestMappingHandlerMapping - Mapped "{[/v1/add_activity],methods=[POST]}" onto public org.springframework.http.ResponseEntity<java.lang.Object> com.demo.controller.Activitycontroller.addactivity(java.lang.String)
6887 [main] INFO  o.s.w.s.m.m.a.RequestMappingHandlerMapping - Mapped "{[/v1/assign_activities],methods=[PUT]}" onto public org.springframework.http.ResponseEntity<java.lang.Object> com.demo.controller.Activitycontroller.assignActivities(com.demo.DTO.RoleActivityDTO)
6889 [main] INFO  o.s.w.s.m.m.a.RequestMappingHandlerMapping - Mapped "{[/v1/roles],methods=[GET]}" onto public org.springframework.http.ResponseEntity<java.lang.Object> com.demo.controller.Rolecontroller.getRoles()
6890 [main] INFO  o.s.w.s.m.m.a.RequestMappingHandlerMapping - Mapped "{[/v1/add_role],methods=[POST]}" onto public org.springframework.http.ResponseEntity<java.lang.Object> com.demo.controller.Rolecontroller.addRole(java.lang.String)
6892 [main] INFO  o.s.w.s.m.m.a.RequestMappingHandlerMapping - Mapped "{[/v1/update_role],methods=[POST]}" onto public org.springframework.http.ResponseEntity<java.lang.Object> com.demo.controller.Rolecontroller.changeStatus(java.util.Map<java.lang.String, java.lang.String>)
6893 [main] INFO  o.s.w.s.m.m.a.RequestMappingHandlerMapping - Mapped "{[/v1/active_roles],methods=[GET]}" onto public org.springframework.http.ResponseEntity<java.lang.Object> com.demo.controller.Rolecontroller.getActiveRoles()
6894 [main] INFO  o.s.w.s.m.m.a.RequestMappingHandlerMapping - Mapped "{[/v1/role/name],methods=[GET]}" onto public org.springframework.http.ResponseEntity<java.lang.Object> com.demo.controller.Rolecontroller.getRoleByRoleName(java.lang.String)
6894 [main] INFO  o.s.w.s.m.m.a.RequestMappingHandlerMapping - Mapped "{[/v1/role/id],methods=[GET]}" onto public org.springframework.http.ResponseEntity<java.lang.Object> com.demo.controller.Rolecontroller.getRolebyRoleId(java.lang.String)
6898 [main] INFO  o.s.w.s.m.m.a.RequestMappingHandlerMapping - Mapped "{[/error],produces=[text/html]}" onto public org.springframework.web.servlet.ModelAndView org.springframework.boot.autoconfigure.web.BasicErrorController.errorHtml(javax.servlet.http.HttpServletRequest,javax.servlet.http.HttpServletResponse)
6899 [main] INFO  o.s.w.s.m.m.a.RequestMappingHandlerMapping - Mapped "{[/error]}" onto public org.springframework.http.ResponseEntity<java.util.Map<java.lang.String, java.lang.Object>> org.springframework.boot.autoconfigure.web.BasicErrorController.error(javax.servlet.http.HttpServletRequest)
6963 [main] INFO  o.s.w.s.h.SimpleUrlHandlerMapping - Mapped URL path [/webjars/**] onto handler of type [class org.springframework.web.servlet.resource.ResourceHttpRequestHandler]
6967 [main] INFO  o.s.w.s.h.SimpleUrlHandlerMapping - Mapped URL path [/**] onto handler of type [class org.springframework.web.servlet.resource.ResourceHttpRequestHandler]
7036 [main] INFO  o.s.w.s.h.SimpleUrlHandlerMapping - Mapped URL path [/**/favicon.ico] onto handler of type [class org.springframework.web.servlet.resource.ResourceHttpRequestHandler]
7490 [main] INFO  com.demo.Demo1ApplicationTests - Started Demo1ApplicationTests in 6.862 seconds (JVM running for 7.775)
7585 [Thread-4] INFO  o.s.w.c.s.GenericWebApplicationContext - Closing org.springframework.web.context.support.GenericWebApplicationContext@d737b89: startup date [Tue Feb 13 16:39:31 IST 2018]; root of context hierarchy
