2018-02-09 13:09:17 - Starting Demo1Application on abhishek with PID 18987 (/home/abhishek/Documents/workspace-sts-3.9.2.RELEASE/demo-1/target/classes started by abhishek in /home/abhishek/Documents/workspace-sts-3.9.2.RELEASE/demo-1)
2018-02-09 13:09:17 - Running with Spring Boot v1.5.10.RELEASE, Spring v4.3.14.RELEASE
2018-02-09 13:09:17 - The following profiles are active: stage
2018-02-09 13:09:19 - Root WebApplicationContext: initialization completed in 1850 ms
2018-02-09 13:09:21 - Looking for @ControllerAdvice: org.springframework.boot.context.embedded.AnnotationConfigEmbeddedWebApplicationContext@96def03: startup date [Fri Feb 09 13:09:17 IST 2018]; root of context hierarchy
2018-02-09 13:09:21 - Mapped "{[/v1/get_activity],methods=[GET]}" onto public org.springframework.http.ResponseEntity<java.lang.Object> com.demo.controller.Activitycontroller.getactivity()
2018-02-09 13:09:21 - Mapped "{[/v1/add_activity],methods=[POST]}" onto public org.springframework.http.ResponseEntity<java.lang.Object> com.demo.controller.Activitycontroller.addactivity(java.lang.String)
2018-02-09 13:09:21 - Mapped "{[/v1/assign_activities],methods=[PUT]}" onto public org.springframework.http.ResponseEntity<java.lang.Object> com.demo.controller.Activitycontroller.assignActivities(com.demo.DTO.RoleActivityDTO)
2018-02-09 13:09:21 - Mapped "{[/v1/add_role],methods=[POST]}" onto public org.springframework.http.ResponseEntity<java.lang.Object> com.demo.controller.Rolecontroller.addRole(java.lang.String)
2018-02-09 13:09:21 - Mapped "{[/v1/update_role],methods=[POST]}" onto public org.springframework.http.ResponseEntity<java.lang.Object> com.demo.controller.Rolecontroller.changeStatus(java.util.Map<java.lang.String, java.lang.String>)
2018-02-09 13:09:21 - Mapped "{[/v1/roles],methods=[GET]}" onto public org.springframework.http.ResponseEntity<java.lang.Object> com.demo.controller.Rolecontroller.getRoles()
2018-02-09 13:09:21 - Mapped "{[/v1/active_roles],methods=[GET]}" onto public org.springframework.http.ResponseEntity<java.lang.Object> com.demo.controller.Rolecontroller.getActiveRoles()
2018-02-09 13:09:21 - Mapped "{[/v1/role/name],methods=[GET]}" onto public org.springframework.http.ResponseEntity<java.lang.Object> com.demo.controller.Rolecontroller.getRoleByRoleName(java.lang.String)
2018-02-09 13:09:21 - Mapped "{[/v1/role/id],methods=[GET]}" onto public org.springframework.http.ResponseEntity<java.lang.Object> com.demo.controller.Rolecontroller.getRolebyRoleId(java.lang.String)
2018-02-09 13:09:21 - Mapped "{[/error],produces=[text/html]}" onto public org.springframework.web.servlet.ModelAndView org.springframework.boot.autoconfigure.web.BasicErrorController.errorHtml(javax.servlet.http.HttpServletRequest,javax.servlet.http.HttpServletResponse)
2018-02-09 13:09:21 - Mapped "{[/error]}" onto public org.springframework.http.ResponseEntity<java.util.Map<java.lang.String, java.lang.Object>> org.springframework.boot.autoconfigure.web.BasicErrorController.error(javax.servlet.http.HttpServletRequest)
2018-02-09 13:09:21 - Mapped URL path [/webjars/**] onto handler of type [class org.springframework.web.servlet.resource.ResourceHttpRequestHandler]
2018-02-09 13:09:21 - Mapped URL path [/**] onto handler of type [class org.springframework.web.servlet.resource.ResourceHttpRequestHandler]
2018-02-09 13:09:21 - Mapped URL path [/**/favicon.ico] onto handler of type [class org.springframework.web.servlet.resource.ResourceHttpRequestHandler]
2018-02-09 13:09:22 - Started Demo1Application in 4.555 seconds (JVM running for 5.539)
2018-02-09 13:10:04 - Starting Demo1Application on abhishek with PID 19077 (/home/abhishek/Documents/workspace-sts-3.9.2.RELEASE/demo-1/target/classes started by abhishek in /home/abhishek/Documents/workspace-sts-3.9.2.RELEASE/demo-1)
2018-02-09 13:10:04 - Running with Spring Boot v1.5.10.RELEASE, Spring v4.3.14.RELEASE
2018-02-09 13:10:04 - The following profiles are active: stage
2018-02-09 13:10:05 - Root WebApplicationContext: initialization completed in 1397 ms
2018-02-09 13:10:07 - Looking for @ControllerAdvice: org.springframework.boot.context.embedded.AnnotationConfigEmbeddedWebApplicationContext@96def03: startup date [Fri Feb 09 13:10:04 IST 2018]; root of context hierarchy
2018-02-09 13:10:07 - Mapped "{[/v1/get_activity],methods=[GET]}" onto public org.springframework.http.ResponseEntity<java.lang.Object> com.demo.controller.Activitycontroller.getactivity()
2018-02-09 13:10:07 - Mapped "{[/v1/add_activity],methods=[POST]}" onto public org.springframework.http.ResponseEntity<java.lang.Object> com.demo.controller.Activitycontroller.addactivity(java.lang.String)
2018-02-09 13:10:07 - Mapped "{[/v1/assign_activities],methods=[PUT]}" onto public org.springframework.http.ResponseEntity<java.lang.Object> com.demo.controller.Activitycontroller.assignActivities(com.demo.DTO.RoleActivityDTO)
2018-02-09 13:10:07 - Mapped "{[/v1/add_role],methods=[POST]}" onto public org.springframework.http.ResponseEntity<java.lang.Object> com.demo.controller.Rolecontroller.addRole(java.lang.String)
2018-02-09 13:10:07 - Mapped "{[/v1/update_role],methods=[POST]}" onto public org.springframework.http.ResponseEntity<java.lang.Object> com.demo.controller.Rolecontroller.changeStatus(java.util.Map<java.lang.String, java.lang.String>)
2018-02-09 13:10:07 - Mapped "{[/v1/roles],methods=[GET]}" onto public org.springframework.http.ResponseEntity<java.lang.Object> com.demo.controller.Rolecontroller.getRoles()
2018-02-09 13:10:07 - Mapped "{[/v1/active_roles],methods=[GET]}" onto public org.springframework.http.ResponseEntity<java.lang.Object> com.demo.controller.Rolecontroller.getActiveRoles()
2018-02-09 13:10:07 - Mapped "{[/v1/role/name],methods=[GET]}" onto public org.springframework.http.ResponseEntity<java.lang.Object> com.demo.controller.Rolecontroller.getRoleByRoleName(java.lang.String)
2018-02-09 13:10:07 - Mapped "{[/v1/role/id],methods=[GET]}" onto public org.springframework.http.ResponseEntity<java.lang.Object> com.demo.controller.Rolecontroller.getRolebyRoleId(java.lang.String)
2018-02-09 13:10:07 - Mapped "{[/error],produces=[text/html]}" onto public org.springframework.web.servlet.ModelAndView org.springframework.boot.autoconfigure.web.BasicErrorController.errorHtml(javax.servlet.http.HttpServletRequest,javax.servlet.http.HttpServletResponse)
2018-02-09 13:10:07 - Mapped "{[/error]}" onto public org.springframework.http.ResponseEntity<java.util.Map<java.lang.String, java.lang.Object>> org.springframework.boot.autoconfigure.web.BasicErrorController.error(javax.servlet.http.HttpServletRequest)
2018-02-09 13:10:07 - Mapped URL path [/webjars/**] onto handler of type [class org.springframework.web.servlet.resource.ResourceHttpRequestHandler]
2018-02-09 13:10:07 - Mapped URL path [/**] onto handler of type [class org.springframework.web.servlet.resource.ResourceHttpRequestHandler]
2018-02-09 13:10:07 - Mapped URL path [/**/favicon.ico] onto handler of type [class org.springframework.web.servlet.resource.ResourceHttpRequestHandler]
2018-02-09 13:10:08 - Started Demo1Application in 4.023 seconds (JVM running for 4.672)
2018-02-09 13:10:24 - Starting Demo1Application on abhishek with PID 19135 (/home/abhishek/Documents/workspace-sts-3.9.2.RELEASE/demo-1/target/classes started by abhishek in /home/abhishek/Documents/workspace-sts-3.9.2.RELEASE/demo-1)
2018-02-09 13:10:24 - Running with Spring Boot v1.5.10.RELEASE, Spring v4.3.14.RELEASE
2018-02-09 13:10:24 - The following profiles are active: stage
2018-02-09 13:10:28 - Started Demo1Application in 4.282 seconds (JVM running for 4.923)
